#
# There is insufficient memory for the Java Runtime Environment to continue.
# Native memory allocation (malloc) failed to allocate 1883728 bytes for Chunk::new
# Possible reasons:
#   The system is out of physical RAM or swap space
#   In 32 bit mode, the process size limit was hit
# Possible solutions:
#   Reduce memory load on the system
#   Increase physical memory or swap space
#   Check if swap backing store is full
#   Use 64 bit Java on a 64 bit OS
#   Decrease Java heap size (-Xmx/-Xms)
#   Decrease number of Java threads
#   Decrease Java thread stack sizes (-Xss)
#   Set larger code cache with -XX:ReservedCodeCacheSize=
# This output file may be truncated or incomplete.
#
#  Out of Memory Error (allocation.cpp:323), pid=7508, tid=352
#
# JRE version: Java(TM) SE Runtime Environment (7.0_67-b01) (build 1.7.0_67-b01)
# Java VM: Java HotSpot(TM) 64-Bit Server VM (24.65-b04 mixed mode windows-amd64 compressed oops)
# Failed to write core dump. Minidumps are not enabled by default on client versions of Windows
#

---------------  T H R E A D  ---------------

Current thread (0x0000000008995800):  JavaThread "C2 CompilerThread1" daemon [_thread_in_native, id=352, stack(0x000000000a010000,0x000000000a110000)]

Stack: [0x000000000a010000,0x000000000a110000]

Current CompileTask:
C2:  27485  826   !         com.android.dx.dex.cf.CfTranslator::processMethods (583 bytes)


---------------  P R O C E S S  ---------------

Java Threads: ( => current thread )
  0x000000000a510000 JavaThread "pool-2-thread-4" [_thread_blocked, id=8788, stack(0x000000000ab10000,0x000000000ac10000)]
  0x000000000a4fd000 JavaThread "pool-2-thread-3" [_thread_blocked, id=8828, stack(0x000000000aa10000,0x000000000ab10000)]
  0x000000000a4fa000 JavaThread "pool-2-thread-2" [_thread_blocked, id=8148, stack(0x000000000a910000,0x000000000aa10000)]
  0x000000000a4fd800 JavaThread "pool-3-thread-1" [_thread_blocked, id=5416, stack(0x000000000a810000,0x000000000a910000)]
  0x000000000a4f9800 JavaThread "pool-2-thread-1" [_thread_in_Java, id=5964, stack(0x000000000a710000,0x000000000a810000)]
  0x000000000899a800 JavaThread "Service Thread" daemon [_thread_blocked, id=3728, stack(0x000000000a110000,0x000000000a210000)]
=>0x0000000008995800 JavaThread "C2 CompilerThread1" daemon [_thread_in_native, id=352, stack(0x000000000a010000,0x000000000a110000)]
  0x0000000008992800 JavaThread "C2 CompilerThread0" daemon [_thread_in_native, id=8388, stack(0x0000000009f10000,0x000000000a010000)]
  0x0000000008991800 JavaThread "Attach Listener" daemon [_thread_blocked, id=7396, stack(0x0000000009e10000,0x0000000009f10000)]
  0x000000000898e800 JavaThread "Signal Dispatcher" daemon [_thread_blocked, id=7532, stack(0x0000000009d10000,0x0000000009e10000)]
  0x000000000895f800 JavaThread "Finalizer" daemon [_thread_blocked, id=3672, stack(0x0000000009c10000,0x0000000009d10000)]
  0x0000000008955800 JavaThread "Reference Handler" daemon [_thread_blocked, id=6776, stack(0x0000000009b10000,0x0000000009c10000)]
  0x0000000002aa0800 JavaThread "main" [_thread_in_Java, id=9196, stack(0x0000000002980000,0x0000000002a80000)]

Other Threads:
  0x0000000008950800 VMThread [stack: 0x0000000009a10000,0x0000000009b10000] [id=1252]
  0x00000000089c1000 WatcherThread [stack: 0x000000000a210000,0x000000000a310000] [id=7296]

VM state:not at safepoint (normal execution)

VM Mutex/Monitor currently owned by a thread: None

Heap
 PSYoungGen      total 144384K, used 117509K [0x00000000eaa80000, 0x00000000f7280000, 0x0000000100000000)
  eden space 108544K, 93% used [0x00000000eaa80000,0x00000000f0d6c448,0x00000000f1480000)
  from space 35840K, 45% used [0x00000000f4f80000,0x00000000f5f55140,0x00000000f7280000)
  to   space 31744K, 0% used [0x00000000f1480000,0x00000000f1480000,0x00000000f3380000)
 ParOldGen       total 86016K, used 85580K [0x00000000c0000000, 0x00000000c5400000, 0x00000000eaa80000)
  object space 86016K, 99% used [0x00000000c0000000,0x00000000c53930e8,0x00000000c5400000)
 PSPermGen       total 21504K, used 6006K [0x00000000bae00000, 0x00000000bc300000, 0x00000000c0000000)
  object space 21504K, 27% used [0x00000000bae00000,0x00000000bb3dd9e0,0x00000000bc300000)

Card table byte_map: [0x0000000005ba0000,0x0000000005dd0000] byte_map_base: 0x00000000055c9000

Polling page: 0x0000000000d20000

Code Cache  [0x0000000002ba0000, 0x0000000002ec0000, 0x0000000005ba0000)
 total_blobs=1046 nmethods=810 adapters=189 free_code_cache=46147Kb largest_free_block=47075904

Compilation events (10 events):
Event: 26.450 Thread 0x0000000008992800 nmethod 827 0x0000000002d9d750 code [0x0000000002d9d880, 0x0000000002d9d8d8]
Event: 26.515 Thread 0x0000000008992800  828             com.android.dx.ssa.SsaMethod::getEntryBlockIndex (5 bytes)
Event: 26.516 Thread 0x0000000008992800 nmethod 828 0x0000000002e91f10 code [0x0000000002e92040, 0x0000000002e92098]
Event: 26.893 Thread 0x0000000008992800  829             com.android.dx.cf.direct.DirectClassFile::parseToEndIfNecessary (12 bytes)
Event: 26.894 Thread 0x0000000008992800 nmethod 829 0x0000000002e91cd0 code [0x0000000002e91e00, 0x0000000002e91e78]
Event: 27.033 Thread 0x0000000008992800  830             com.android.dx.cf.code.BaseMachine::getPrototype (5 bytes)
Event: 27.034 Thread 0x0000000008992800 nmethod 830 0x0000000002e91ad0 code [0x0000000002e91c00, 0x0000000002e91c58]
Event: 27.236 Thread 0x0000000008992800  831             com.android.dx.cf.code.BasicBlocker::visitNoArgs (298 bytes)
Event: 27.266 Thread 0x0000000008992800 nmethod 831 0x0000000002e927d0 code [0x0000000002e92a40, 0x0000000002e92fb0]
Event: 27.267 Thread 0x0000000008992800  832   !         com.android.dx.cf.code.BytecodeArray::parseInstruction (2764 bytes)

GC Heap History (10 events):
Event: 15.915 GC heap before
{Heap before GC invocations=8 (full 1):
 PSYoungGen      total 140288K, used 15840K [0x00000000eaa80000, 0x00000000f4580000, 0x0000000100000000)
  eden space 124416K, 0% used [0x00000000eaa80000,0x00000000eaa80000,0x00000000f2400000)
  from space 15872K, 99% used [0x00000000f2400000,0x00000000f3378138,0x00000000f3380000)
  to   space 13312K, 0% used [0x00000000f3380000,0x00000000f3380000,0x00000000f4080000)
 ParOldGen       total 42496K, used 42472K [0x00000000c0000000, 0x00000000c2980000, 0x00000000eaa80000)
  object space 42496K, 99% used [0x00000000c0000000,0x00000000c297a338,0x00000000c2980000)
 PSPermGen       total 21504K, used 5961K [0x00000000bae00000, 0x00000000bc300000, 0x00000000c0000000)
  object space 21504K, 27% used [0x00000000bae00000,0x00000000bb3d2498,0x00000000bc300000)
Event: 18.190 GC heap after
Heap after GC invocations=8 (full 1):
 PSYoungGen      total 140288K, used 9606K [0x00000000eaa80000, 0x00000000f4580000, 0x0000000100000000)
  eden space 124416K, 0% used [0x00000000eaa80000,0x00000000eaa80000,0x00000000f2400000)
  from space 15872K, 60% used [0x00000000f2400000,0x00000000f2d61af0,0x00000000f3380000)
  to   space 13312K, 0% used [0x00000000f3380000,0x00000000f3380000,0x00000000f4080000)
 ParOldGen       total 86016K, used 42208K [0x00000000c0000000, 0x00000000c5400000, 0x00000000eaa80000)
  object space 86016K, 49% used [0x00000000c0000000,0x00000000c2938230,0x00000000c5400000)
 PSPermGen       total 21504K, used 5955K [0x00000000bae00000, 0x00000000bc300000, 0x00000000c0000000)
  object space 21504K, 27% used [0x00000000bae00000,0x00000000bb3d0ef8,0x00000000bc300000)
}
Event: 20.324 GC heap before
{Heap before GC invocations=9 (full 1):
 PSYoungGen      total 140288K, used 134022K [0x00000000eaa80000, 0x00000000f4580000, 0x0000000100000000)
  eden space 124416K, 100% used [0x00000000eaa80000,0x00000000f2400000,0x00000000f2400000)
  from space 15872K, 60% used [0x00000000f2400000,0x00000000f2d61af0,0x00000000f3380000)
  to   space 13312K, 0% used [0x00000000f3380000,0x00000000f3380000,0x00000000f4080000)
 ParOldGen       total 86016K, used 42208K [0x00000000c0000000, 0x00000000c5400000, 0x00000000eaa80000)
  object space 86016K, 49% used [0x00000000c0000000,0x00000000c2938230,0x00000000c5400000)
 PSPermGen       total 21504K, used 5966K [0x00000000bae00000, 0x00000000bc300000, 0x00000000c0000000)
  object space 21504K, 27% used [0x00000000bae00000,0x00000000bb3d3be0,0x00000000bc300000)
Event: 20.535 GC heap after
Heap after GC invocations=9 (full 1):
 PSYoungGen      total 121856K, used 13291K [0x00000000eaa80000, 0x00000000f8200000, 0x0000000100000000)
  eden space 108544K, 0% used [0x00000000eaa80000,0x00000000eaa80000,0x00000000f1480000)
  from space 13312K, 99% used [0x00000000f3380000,0x00000000f407aeb8,0x00000000f4080000)
  to   space 31744K, 0% used [0x00000000f1480000,0x00000000f1480000,0x00000000f3380000)
 ParOldGen       total 86016K, used 56573K [0x00000000c0000000, 0x00000000c5400000, 0x00000000eaa80000)
  object space 86016K, 65% used [0x00000000c0000000,0x00000000c373f7d0,0x00000000c5400000)
 PSPermGen       total 21504K, used 5966K [0x00000000bae00000, 0x00000000bc300000, 0x00000000c0000000)
  object space 21504K, 27% used [0x00000000bae00000,0x00000000bb3d3be0,0x00000000bc300000)
}
Event: 21.369 GC heap before
{Heap before GC invocations=10 (full 1):
 PSYoungGen      total 121856K, used 121835K [0x00000000eaa80000, 0x00000000f8200000, 0x0000000100000000)
  eden space 108544K, 100% used [0x00000000eaa80000,0x00000000f1480000,0x00000000f1480000)
  from space 13312K, 99% used [0x00000000f3380000,0x00000000f407aeb8,0x00000000f4080000)
  to   space 31744K, 0% used [0x00000000f1480000,0x00000000f1480000,0x00000000f3380000)
 ParOldGen       total 86016K, used 56573K [0x00000000c0000000, 0x00000000c5400000, 0x00000000eaa80000)
  object space 86016K, 65% used [0x00000000c0000000,0x00000000c373f7d0,0x00000000c5400000)
 PSPermGen       total 21504K, used 5983K [0x00000000bae00000, 0x00000000bc300000, 0x00000000c0000000)
  object space 21504K, 27% used [0x00000000bae00000,0x00000000bb3d7df0,0x00000000bc300000)
Event: 21.528 GC heap after
Heap after GC invocations=10 (full 1):
 PSYoungGen      total 140288K, used 28665K [0x00000000eaa80000, 0x00000000f7280000, 0x0000000100000000)
  eden space 108544K, 0% used [0x00000000eaa80000,0x00000000eaa80000,0x00000000f1480000)
  from space 31744K, 90% used [0x00000000f1480000,0x00000000f307e6d8,0x00000000f3380000)
  to   space 35840K, 0% used [0x00000000f4f80000,0x00000000f4f80000,0x00000000f7280000)
 ParOldGen       total 86016K, used 59635K [0x00000000c0000000, 0x00000000c5400000, 0x00000000eaa80000)
  object space 86016K, 69% used [0x00000000c0000000,0x00000000c3a3ccd8,0x00000000c5400000)
 PSPermGen       total 21504K, used 5983K [0x00000000bae00000, 0x00000000bc300000, 0x00000000c0000000)
  object space 21504K, 27% used [0x00000000bae00000,0x00000000bb3d7df0,0x00000000bc300000)
}
Event: 22.444 GC heap before
{Heap before GC invocations=11 (full 1):
 PSYoungGen      total 140288K, used 137209K [0x00000000eaa80000, 0x00000000f7280000, 0x0000000100000000)
  eden space 108544K, 100% used [0x00000000eaa80000,0x00000000f1480000,0x00000000f1480000)
  from space 31744K, 90% used [0x00000000f1480000,0x00000000f307e6d8,0x00000000f3380000)
  to   space 35840K, 0% used [0x00000000f4f80000,0x00000000f4f80000,0x00000000f7280000)
 ParOldGen       total 86016K, used 59635K [0x00000000c0000000, 0x00000000c5400000, 0x00000000eaa80000)
  object space 86016K, 69% used [0x00000000c0000000,0x00000000c3a3ccd8,0x00000000c5400000)
 PSPermGen       total 21504K, used 5999K [0x00000000bae00000, 0x00000000bc300000, 0x00000000c0000000)
  object space 21504K, 27% used [0x00000000bae00000,0x00000000bb3dbd88,0x00000000bc300000)
Event: 22.688 GC heap after
Heap after GC invocations=11 (full 1):
 PSYoungGen      total 144384K, used 35834K [0x00000000eaa80000, 0x00000000f7280000, 0x0000000100000000)
  eden space 108544K, 0% used [0x00000000eaa80000,0x00000000eaa80000,0x00000000f1480000)
  from space 35840K, 99% used [0x00000000f4f80000,0x00000000f727e9f0,0x00000000f7280000)
  to   space 31744K, 0% used [0x00000000f1480000,0x00000000f1480000,0x00000000f3380000)
 ParOldGen       total 86016K, used 69251K [0x00000000c0000000, 0x00000000c5400000, 0x00000000eaa80000)
  object space 86016K, 80% used [0x00000000c0000000,0x00000000c43a0f98,0x00000000c5400000)
 PSPermGen       total 21504K, used 5999K [0x00000000bae00000, 0x00000000bc300000, 0x00000000c0000000)
  object space 21504K, 27% used [0x00000000bae00000,0x00000000bb3dbd88,0x00000000bc300000)
}
Event: 22.688 GC heap before
{Heap before GC invocations=12 (full 2):
 PSYoungGen      total 144384K, used 35834K [0x00000000eaa80000, 0x00000000f7280000, 0x0000000100000000)
  eden space 108544K, 0% used [0x00000000eaa80000,0x00000000eaa80000,0x00000000f1480000)
  from space 35840K, 99% used [0x00000000f4f80000,0x00000000f727e9f0,0x00000000f7280000)
  to   space 31744K, 0% used [0x00000000f1480000,0x00000000f1480000,0x00000000f3380000)
 ParOldGen       total 86016K, used 69251K [0x00000000c0000000, 0x00000000c5400000, 0x00000000eaa80000)
  object space 86016K, 80% used [0x00000000c0000000,0x00000000c43a0f98,0x00000000c5400000)
 PSPermGen       total 21504K, used 5999K [0x00000000bae00000, 0x00000000bc300000, 0x00000000c0000000)
  object space 21504K, 27% used [0x00000000bae00000,0x00000000bb3dbd88,0x00000000bc300000)
Event: 25.618 GC heap after
Heap after GC invocations=12 (full 2):
 PSYoungGen      total 144384K, used 16212K [0x00000000eaa80000, 0x00000000f7280000, 0x0000000100000000)
  eden space 108544K, 0% used [0x00000000eaa80000,0x00000000eaa80000,0x00000000f1480000)
  from space 35840K, 45% used [0x00000000f4f80000,0x00000000f5f55140,0x00000000f7280000)
  to   space 31744K, 0% used [0x00000000f1480000,0x00000000f1480000,0x00000000f3380000)
 ParOldGen       total 86016K, used 85580K [0x00000000c0000000, 0x00000000c5400000, 0x00000000eaa80000)
  object space 86016K, 99% used [0x00000000c0000000,0x00000000c53930e8,0x00000000c5400000)
 PSPermGen       total 21504K, used 5998K [0x00000000bae00000, 0x00000000bc300000, 0x00000000c0000000)
  object space 21504K, 27% used [0x00000000bae00000,0x00000000bb3dbb28,0x00000000bc300000)
}

Deoptimization events (10 events):
Event: 20.990 Thread 0x000000000a4fa000 Uncommon trap: reason=class_check action=maybe_recompile pc=0x0000000002cd7858 method=com.android.dx.cf.code.OneLocalsArray.set(ILcom/android/dx/rop/type/TypeBearer;)V @ 85
Event: 21.129 Thread 0x000000000a510000 Uncommon trap: reason=unreached action=reinterpret pc=0x0000000002cf0f2c method=com.android.dx.ssa.MoveParamCombiner$1.visitNonMoveInsn(Lcom/android/dx/ssa/NormalSsaInsn;)V @ 27
Event: 21.130 Thread 0x000000000a4fa000 Uncommon trap: reason=bimorphic action=maybe_recompile pc=0x0000000002c97b30 method=com.android.dx.ssa.LiteralOpUpgrader.tryReplacingWithConstant(Lcom/android/dx/ssa/NormalSsaInsn;)Z @ 62
Event: 21.139 Thread 0x000000000a4fa000 Uncommon trap: reason=bimorphic action=maybe_recompile pc=0x0000000002c97b30 method=com.android.dx.ssa.LiteralOpUpgrader.tryReplacingWithConstant(Lcom/android/dx/ssa/NormalSsaInsn;)Z @ 62
Event: 21.795 Thread 0x0000000002aa0800 Uncommon trap: reason=class_check action=maybe_recompile pc=0x0000000002cd7858 method=com.android.dx.cf.code.OneLocalsArray.set(ILcom/android/dx/rop/type/TypeBearer;)V @ 85
Event: 21.848 Thread 0x000000000a4f9800 Uncommon trap: reason=class_check action=maybe_recompile pc=0x0000000002cd7858 method=com.android.dx.cf.code.OneLocalsArray.set(ILcom/android/dx/rop/type/TypeBearer;)V @ 85
Event: 22.062 Thread 0x000000000a510000 Uncommon trap: reason=class_check action=maybe_recompile pc=0x0000000002d7cfc0 method=com.android.dx.cf.code.RopperMachine.run(Lcom/android/dx/cf/code/Frame;II)V @ 1024
Event: 22.063 Thread 0x000000000a510000 Uncommon trap: reason=class_check action=maybe_recompile pc=0x0000000002d7cfc0 method=com.android.dx.cf.code.RopperMachine.run(Lcom/android/dx/cf/code/Frame;II)V @ 1024
Event: 27.146 Thread 0x000000000a4fd000 Uncommon trap: reason=bimorphic action=maybe_recompile pc=0x0000000002e231fc method=com.android.dx.cf.code.BytecodeArray.parseInstruction(ILcom/android/dx/cf/code/BytecodeArray$Visitor;)I @ 1549
Event: 27.146 Thread 0x000000000a4fd000 Uncommon trap: reason=bimorphic action=maybe_recompile pc=0x0000000002e231fc method=com.android.dx.cf.code.BytecodeArray.parseInstruction(ILcom/android/dx/cf/code/BytecodeArray$Visitor;)I @ 1549

Internal exceptions (10 events):
Event: 6.381 Thread 0x000000000a4fa000 Threw 0x00000000ec3e35c8 at C:\re\jdk7u67\1368\hotspot\src\share\vm\prims\jvm.cpp:1244
Event: 8.383 Thread 0x000000000a510000 Implicit null exception at 0x0000000002c49692 to 0x0000000002c4aded
Event: 11.547 Thread 0x0000000002aa0800 Threw 0x00000000ec011928 at C:\re\jdk7u67\1368\hotspot\src\share\vm\prims\jvm.cpp:1244
Event: 14.765 Thread 0x000000000a4f9800 Implicit null exception at 0x0000000002d9ca2f to 0x0000000002d9d95d
Event: 14.768 Thread 0x000000000a4f9800 Implicit null exception at 0x0000000002cf78cb to 0x0000000002cf83ad
Event: 14.768 Thread 0x000000000a4f9800 Implicit null exception at 0x0000000002c4b897 to 0x0000000002c4ba19
Event: 14.768 Thread 0x000000000a4f9800 Implicit null exception at 0x0000000002d6433f to 0x0000000002d64499
Event: 14.769 Thread 0x000000000a4f9800 Implicit null exception at 0x0000000002cac7d1 to 0x0000000002cac9a1
Event: 20.565 Thread 0x0000000002aa0800 Threw 0x00000000eb08f4b8 at C:\re\jdk7u67\1368\hotspot\src\share\vm\prims\jvm.cpp:1244
Event: 20.980 Thread 0x0000000002aa0800 Implicit null exception at 0x0000000002cd0bf0 to 0x0000000002cd1295

Events (10 events):
Event: 22.063 Thread 0x000000000a510000 DEOPT UNPACKING pc=0x0000000002bd9064 sp=0x000000000ac0edb8 mode 2
Event: 22.441 Executing VM operation: ParallelGCFailedAllocation
Event: 25.618 Executing VM operation: ParallelGCFailedAllocation done
Event: 26.895 Thread 0x0000000008992800 flushing nmethod 0x0000000002d02850
Event: 27.146 Thread 0x000000000a4fd000 Uncommon trap: trap_request=0xffffffc6 fr.pc=0x0000000002e231fc
Event: 27.146 Thread 0x000000000a4fd000 DEOPT PACKING pc=0x0000000002e231fc sp=0x000000000ab0edd0
Event: 27.146 Thread 0x000000000a4fd000 DEOPT UNPACKING pc=0x0000000002bd9064 sp=0x000000000ab0ed60 mode 2
Event: 27.146 Thread 0x000000000a4fd000 Uncommon trap: trap_request=0xffffffc6 fr.pc=0x0000000002e231fc
Event: 27.146 Thread 0x000000000a4fd000 DEOPT PACKING pc=0x0000000002e231fc sp=0x000000000ab0ee00
Event: 27.146 Thread 0x000000000a4fd000 DEOPT UNPACKING pc=0x0000000002bd9064 sp=0x000000000ab0ed90 mode 2


Dynamic libraries:
0x00007ff69ae10000 - 0x00007ff69ae43000 	C:\Program Files\Java\jdk1.7.0_67\bin\java.exe
0x00007ffdc3de0000 - 0x00007ffdc3fb1000 	C:\WINDOWS\SYSTEM32\ntdll.dll
0x00007ffdc3230000 - 0x00007ffdc32dc000 	C:\WINDOWS\System32\KERNEL32.DLL
0x00007ffdc05a0000 - 0x00007ffdc07bd000 	C:\WINDOWS\System32\KERNELBASE.dll
0x00007ffdc38c0000 - 0x00007ffdc3962000 	C:\WINDOWS\System32\ADVAPI32.dll
0x00007ffdc32e0000 - 0x00007ffdc337e000 	C:\WINDOWS\System32\msvcrt.dll
0x00007ffdc3d10000 - 0x00007ffdc3d69000 	C:\WINDOWS\System32\sechost.dll
0x00007ffdc13a0000 - 0x00007ffdc14c1000 	C:\WINDOWS\System32\RPCRT4.dll
0x00007ffdc14d0000 - 0x00007ffdc1635000 	C:\WINDOWS\System32\USER32.dll
0x00007ffdc1090000 - 0x00007ffdc10ae000 	C:\WINDOWS\System32\win32u.dll
0x00007ffdc1640000 - 0x00007ffdc1674000 	C:\WINDOWS\System32\GDI32.dll
0x00007ffdc0ea0000 - 0x00007ffdc1022000 	C:\WINDOWS\System32\gdi32full.dll
0x00007ffdb5b80000 - 0x00007ffdb5dfa000 	C:\WINDOWS\WinSxS\amd64_microsoft.windows.common-controls_6595b64144ccf1df_6.0.14393.953_none_42151e83c686086b\COMCTL32.dll
0x00007ffdc33f0000 - 0x00007ffdc36b8000 	C:\WINDOWS\System32\combase.dll
0x00007ffdc02d0000 - 0x00007ffdc03c5000 	C:\WINDOWS\System32\ucrtbase.dll
0x00007ffdc0480000 - 0x00007ffdc04ea000 	C:\WINDOWS\System32\bcryptPrimitives.dll
0x00007ffdc1370000 - 0x00007ffdc139e000 	C:\WINDOWS\System32\IMM32.DLL
0x000000006cf20000 - 0x000000006cff2000 	C:\Program Files\Java\jdk1.7.0_67\jre\bin\msvcr100.dll
0x000000006c510000 - 0x000000006cce2000 	C:\Program Files\Java\jdk1.7.0_67\jre\bin\server\jvm.dll
0x00007ffdc3380000 - 0x00007ffdc3388000 	C:\WINDOWS\System32\PSAPI.DLL
0x00007ffdbe740000 - 0x00007ffdbe763000 	C:\WINDOWS\SYSTEM32\WINMM.dll
0x00007ffda2090000 - 0x00007ffda2099000 	C:\WINDOWS\SYSTEM32\WSOCK32.dll
0x00007ffdc3d70000 - 0x00007ffdc3dda000 	C:\WINDOWS\System32\WS2_32.dll
0x00007ffdbe710000 - 0x00007ffdbe73b000 	C:\WINDOWS\SYSTEM32\WINMMBASE.dll
0x00007ffdc10b0000 - 0x00007ffdc10f2000 	C:\WINDOWS\System32\cfgmgr32.dll
0x000000006d4b0000 - 0x000000006d4bf000 	C:\Program Files\Java\jdk1.7.0_67\jre\bin\verify.dll
0x000000006d480000 - 0x000000006d4a8000 	C:\Program Files\Java\jdk1.7.0_67\jre\bin\java.dll
0x000000006d460000 - 0x000000006d475000 	C:\Program Files\Java\jdk1.7.0_67\jre\bin\zip.dll
0x000000006d330000 - 0x000000006d349000 	C:\Program Files\Java\jdk1.7.0_67\jre\bin\net.dll
0x00007ffdbfb70000 - 0x00007ffdbfbcc000 	C:\WINDOWS\system32\mswsock.dll
0x000000006d310000 - 0x000000006d321000 	C:\Program Files\Java\jdk1.7.0_67\jre\bin\nio.dll

VM Arguments:
jvm_args: -Xmx1024M -Dfile.encoding=windows-1252 -Duser.country=US -Duser.language=en -Duser.variant 
java_command: com.android.dx.command.Main --dex --num-threads=4 --multi-dex --main-dex-list E:\kuliah\Semester 6\mobile\Final\ApplicationBeratBadan\app\build\intermediates\multi-dex\debug\maindexlist.txt --output E:\kuliah\Semester 6\mobile\Final\ApplicationBeratBadan\app\build\intermediates\dex\debug E:\kuliah\Semester 6\mobile\Final\ApplicationBeratBadan\app\build\intermediates\multi-dex\debug\allclasses.jar
Launcher Type: SUN_STANDARD

Environment Variables:
PATH=E:\app\ikhwan\product\12.1.0\dbhome_1\bin;C:\ProgramData\Oracle\Java\javapath;C:\WINDOWS\system32;C:\WINDOWS;C:\WINDOWS\System32\Wbem;C:\WINDOWS\System32\WindowsPowerShell\v1.0\;C:\Program Files\Microsoft SQL Server\Client SDK\ODBC\110\Tools\Binn\;C:\Program Files (x86)\Microsoft SQL Server\120\Tools\Binn\;C:\Program Files\Microsoft SQL Server\120\Tools\Binn\;C:\Program Files\Microsoft SQL Server\120\DTS\Binn\;C:\Program Files (x86)\Microsoft SQL Server\120\Tools\Binn\ManagementStudio\;C:\Program Files (x86)\Microsoft SQL Server\120\DTS\Binn\;C:\WINDOWS\system32\config\systemprofile\.dnx\bin;C:\Program Files\Microsoft DNX\Dnvm\;C:\Users\ikhwan\AppData\Local\Microsoft\WindowsApps;
USERNAME=ikhwan
OS=Windows_NT
PROCESSOR_IDENTIFIER=Intel64 Family 6 Model 37 Stepping 5, GenuineIntel



---------------  S Y S T E M  ---------------

OS: Windows 8.1 , 64 bit Build 9600 

CPU:total 4 (2 cores per cpu, 2 threads per core) family 6 model 37 stepping 5, cmov, cx8, fxsr, mmx, sse, sse2, sse3, ssse3, sse4.1, sse4.2, popcnt, ht, tsc, tscinvbit

Memory: 4k page, physical 3987308k(197688k free), swap 5402476k(6540k free)

vm_info: Java HotSpot(TM) 64-Bit Server VM (24.65-b04) for windows-amd64 JRE (1.7.0_67-b01), built on Jul 25 2014 08:55:00 by "java_re" with unknown MS VC++:1600

time: Wed May 31 02:28:36 2017
elapsed time: 27 seconds

