#
# There is insufficient memory for the Java Runtime Environment to continue.
# Native memory allocation (malloc) failed to allocate 1780016 bytes for Chunk::new
# Possible reasons:
#   The system is out of physical RAM or swap space
#   In 32 bit mode, the process size limit was hit
# Possible solutions:
#   Reduce memory load on the system
#   Increase physical memory or swap space
#   Check if swap backing store is full
#   Use 64 bit Java on a 64 bit OS
#   Decrease Java heap size (-Xmx/-Xms)
#   Decrease number of Java threads
#   Decrease Java thread stack sizes (-Xss)
#   Set larger code cache with -XX:ReservedCodeCacheSize=
# This output file may be truncated or incomplete.
#
#  Out of Memory Error (allocation.cpp:323), pid=8164, tid=6500
#
# JRE version: Java(TM) SE Runtime Environment (7.0_67-b01) (build 1.7.0_67-b01)
# Java VM: Java HotSpot(TM) 64-Bit Server VM (24.65-b04 mixed mode windows-amd64 compressed oops)
# Failed to write core dump. Minidumps are not enabled by default on client versions of Windows
#

---------------  T H R E A D  ---------------

Current thread (0x00000000083fe000):  JavaThread "C2 CompilerThread1" daemon [_thread_in_native, id=6500, stack(0x0000000009a70000,0x0000000009b70000)]

Stack: [0x0000000009a70000,0x0000000009b70000]

Current CompileTask:
C2:  26893  823   !         com.android.dx.dex.cf.CfTranslator::processMethods (583 bytes)


---------------  P R O C E S S  ---------------

Java Threads: ( => current thread )
  0x000000000843e000 JavaThread "pool-2-thread-4" [_thread_in_Java, id=2072, stack(0x000000000a570000,0x000000000a670000)]
  0x0000000008442800 JavaThread "pool-2-thread-3" [_thread_in_Java, id=9072, stack(0x000000000a470000,0x000000000a570000)]
  0x000000000843b800 JavaThread "pool-2-thread-2" [_thread_in_vm, id=3944, stack(0x000000000a370000,0x000000000a470000)]
  0x0000000008441000 JavaThread "pool-3-thread-1" [_thread_blocked, id=8416, stack(0x000000000a270000,0x000000000a370000)]
  0x000000000843f800 JavaThread "pool-2-thread-1" [_thread_in_vm, id=6152, stack(0x000000000a170000,0x000000000a270000)]
  0x0000000008404000 JavaThread "Service Thread" daemon [_thread_blocked, id=4308, stack(0x0000000009b70000,0x0000000009c70000)]
=>0x00000000083fe000 JavaThread "C2 CompilerThread1" daemon [_thread_in_native, id=6500, stack(0x0000000009a70000,0x0000000009b70000)]
  0x00000000083fb800 JavaThread "C2 CompilerThread0" daemon [_thread_in_native, id=5572, stack(0x0000000009970000,0x0000000009a70000)]
  0x00000000083fa000 JavaThread "Attach Listener" daemon [_thread_blocked, id=3668, stack(0x0000000009870000,0x0000000009970000)]
  0x00000000083f7000 JavaThread "Signal Dispatcher" daemon [_thread_blocked, id=3928, stack(0x0000000009770000,0x0000000009870000)]
  0x00000000083bf800 JavaThread "Finalizer" daemon [_thread_blocked, id=3188, stack(0x0000000009670000,0x0000000009770000)]
  0x00000000083b5800 JavaThread "Reference Handler" daemon [_thread_blocked, id=8028, stack(0x0000000009570000,0x0000000009670000)]
  0x00000000024d0800 JavaThread "main" [_thread_in_Java, id=8464, stack(0x00000000023d0000,0x00000000024d0000)]

Other Threads:
  0x00000000083b0800 VMThread [stack: 0x0000000009470000,0x0000000009570000] [id=3992]
  0x0000000008419800 WatcherThread [stack: 0x0000000009c70000,0x0000000009d70000] [id=8228]

VM state:not at safepoint (normal execution)

VM Mutex/Monitor currently owned by a thread: None

Heap
 PSYoungGen      total 229888K, used 53609K [0x00000000eaa80000, 0x00000000fc500000, 0x0000000100000000)
  eden space 198144K, 27% used [0x00000000eaa80000,0x00000000ededa420,0x00000000f6c00000)
  from space 31744K, 0% used [0x00000000f9380000,0x00000000f9380000,0x00000000fb280000)
  to   space 18944K, 77% used [0x00000000fb280000,0x00000000fc0d3cf8,0x00000000fc500000)
 ParOldGen       total 110080K, used 109632K [0x00000000c0000000, 0x00000000c6b80000, 0x00000000eaa80000)
  object space 110080K, 99% used [0x00000000c0000000,0x00000000c6b10228,0x00000000c6b80000)
 PSPermGen       total 21504K, used 6014K [0x00000000bae00000, 0x00000000bc300000, 0x00000000c0000000)
  object space 21504K, 27% used [0x00000000bae00000,0x00000000bb3dfb10,0x00000000bc300000)

Card table byte_map: [0x00000000055d0000,0x0000000005800000] byte_map_base: 0x0000000004ff9000

Polling page: 0x0000000000b90000

Code Cache  [0x00000000025d0000, 0x0000000002900000, 0x00000000055d0000)
 total_blobs=1082 nmethods=846 adapters=189 free_code_cache=46057Kb largest_free_block=47043072

Compilation events (10 events):
Event: 26.838 Thread 0x00000000083fb800 nmethod 864 0x00000000028cd090 code [0x00000000028cd1e0, 0x00000000028cd288]
Event: 26.838 Thread 0x00000000083fb800  865             com.android.dx.ssa.back.FirstFitLocalCombiningAllocator::wantsParamsMovedHigh (2 bytes)
Event: 26.839 Thread 0x00000000083fb800 nmethod 865 0x00000000028cc450 code [0x00000000028cc580, 0x00000000028cc5d8]
Event: 26.839 Thread 0x00000000083fb800  866             com.android.dx.ssa.back.SsaToRop::removeEmptyGotos (26 bytes)
Event: 26.843 Thread 0x00000000083fb800 nmethod 866 0x00000000027bee90 code [0x00000000027befe0, 0x00000000027bf0e8]
Event: 26.843 Thread 0x00000000083fb800  867             com.android.dx.ssa.SsaMethod::getEntryBlock (15 bytes)
Event: 26.846 Thread 0x00000000083fb800 nmethod 867 0x00000000028c8f10 code [0x00000000028c9060, 0x00000000028c9138]
Event: 26.847 Thread 0x00000000083fb800  868             com.android.dx.rop.code.BasicBlockList::getMutableCopy (9 bytes)
Event: 26.871 Thread 0x00000000083fb800 nmethod 868 0x00000000028ce350 code [0x00000000028ce4c0, 0x00000000028ce8c8]
Event: 26.871 Thread 0x00000000083fb800  869             com.android.dx.ssa.LocalVariableExtractor::<init> (61 bytes)

GC Heap History (10 events):
Event: 15.727 GC heap before
{Heap before GC invocations=8 (full 1):
 PSYoungGen      total 140288K, used 15847K [0x00000000eaa80000, 0x00000000fd180000, 0x0000000100000000)
  eden space 124416K, 0% used [0x00000000eaa80000,0x00000000eaa80000,0x00000000f2400000)
  from space 15872K, 99% used [0x00000000f2400000,0x00000000f3379d58,0x00000000f3380000)
  to   space 26624K, 0% used [0x00000000fb780000,0x00000000fb780000,0x00000000fd180000)
 ParOldGen       total 43520K, used 43188K [0x00000000c0000000, 0x00000000c2a80000, 0x00000000eaa80000)
  object space 43520K, 99% used [0x00000000c0000000,0x00000000c2a2d058,0x00000000c2a80000)
 PSPermGen       total 21504K, used 5959K [0x00000000bae00000, 0x00000000bc300000, 0x00000000c0000000)
  object space 21504K, 27% used [0x00000000bae00000,0x00000000bb3d1ef8,0x00000000bc300000)
Event: 17.715 GC heap after
Heap after GC invocations=8 (full 1):
 PSYoungGen      total 140288K, used 9170K [0x00000000eaa80000, 0x00000000fd180000, 0x0000000100000000)
  eden space 124416K, 0% used [0x00000000eaa80000,0x00000000eaa80000,0x00000000f2400000)
  from space 15872K, 57% used [0x00000000f2400000,0x00000000f2cf4848,0x00000000f3380000)
  to   space 26624K, 0% used [0x00000000fb780000,0x00000000fb780000,0x00000000fd180000)
 ParOldGen       total 87040K, used 43201K [0x00000000c0000000, 0x00000000c5500000, 0x00000000eaa80000)
  object space 87040K, 49% used [0x00000000c0000000,0x00000000c2a307c8,0x00000000c5500000)
 PSPermGen       total 21504K, used 5954K [0x00000000bae00000, 0x00000000bc300000, 0x00000000c0000000)
  object space 21504K, 27% used [0x00000000bae00000,0x00000000bb3d0878,0x00000000bc300000)
}
Event: 18.879 GC heap before
{Heap before GC invocations=9 (full 1):
 PSYoungGen      total 140288K, used 133586K [0x00000000eaa80000, 0x00000000fd180000, 0x0000000100000000)
  eden space 124416K, 100% used [0x00000000eaa80000,0x00000000f2400000,0x00000000f2400000)
  from space 15872K, 57% used [0x00000000f2400000,0x00000000f2cf4848,0x00000000f3380000)
  to   space 26624K, 0% used [0x00000000fb780000,0x00000000fb780000,0x00000000fd180000)
 ParOldGen       total 87040K, used 43201K [0x00000000c0000000, 0x00000000c5500000, 0x00000000eaa80000)
  object space 87040K, 49% used [0x00000000c0000000,0x00000000c2a307c8,0x00000000c5500000)
 PSPermGen       total 21504K, used 5963K [0x00000000bae00000, 0x00000000bc300000, 0x00000000c0000000)
  object space 21504K, 27% used [0x00000000bae00000,0x00000000bb3d2c18,0x00000000bc300000)
Event: 19.071 GC heap after
Heap after GC invocations=9 (full 1):
 PSYoungGen      total 186880K, used 26609K [0x00000000eaa80000, 0x00000000fd180000, 0x0000000100000000)
  eden space 160256K, 0% used [0x00000000eaa80000,0x00000000eaa80000,0x00000000f4700000)
  from space 26624K, 99% used [0x00000000fb780000,0x00000000fd17c608,0x00000000fd180000)
  to   space 31744K, 0% used [0x00000000f9380000,0x00000000f9380000,0x00000000fb280000)
 ParOldGen       total 87040K, used 44199K [0x00000000c0000000, 0x00000000c5500000, 0x00000000eaa80000)
  object space 87040K, 50% used [0x00000000c0000000,0x00000000c2b29d50,0x00000000c5500000)
 PSPermGen       total 21504K, used 5963K [0x00000000bae00000, 0x00000000bc300000, 0x00000000c0000000)
  object space 21504K, 27% used [0x00000000bae00000,0x00000000bb3d2c18,0x00000000bc300000)
}
Event: 20.328 GC heap before
{Heap before GC invocations=10 (full 1):
 PSYoungGen      total 186880K, used 186865K [0x00000000eaa80000, 0x00000000fd180000, 0x0000000100000000)
  eden space 160256K, 100% used [0x00000000eaa80000,0x00000000f4700000,0x00000000f4700000)
  from space 26624K, 99% used [0x00000000fb780000,0x00000000fd17c608,0x00000000fd180000)
  to   space 31744K, 0% used [0x00000000f9380000,0x00000000f9380000,0x00000000fb280000)
 ParOldGen       total 87040K, used 44199K [0x00000000c0000000, 0x00000000c5500000, 0x00000000eaa80000)
  object space 87040K, 50% used [0x00000000c0000000,0x00000000c2b29d50,0x00000000c5500000)
 PSPermGen       total 21504K, used 5989K [0x00000000bae00000, 0x00000000bc300000, 0x00000000c0000000)
  object space 21504K, 27% used [0x00000000bae00000,0x00000000bb3d95c0,0x00000000bc300000)
Event: 20.557 GC heap after
Heap after GC invocations=10 (full 1):
 PSYoungGen      total 229888K, used 31722K [0x00000000eaa80000, 0x00000000fc500000, 0x0000000100000000)
  eden space 198144K, 0% used [0x00000000eaa80000,0x00000000eaa80000,0x00000000f6c00000)
  from space 31744K, 99% used [0x00000000f9380000,0x00000000fb27aa30,0x00000000fb280000)
  to   space 18944K, 0% used [0x00000000fb280000,0x00000000fb280000,0x00000000fc500000)
 ParOldGen       total 87040K, used 65112K [0x00000000c0000000, 0x00000000c5500000, 0x00000000eaa80000)
  object space 87040K, 74% used [0x00000000c0000000,0x00000000c3f963b8,0x00000000c5500000)
 PSPermGen       total 21504K, used 5989K [0x00000000bae00000, 0x00000000bc300000, 0x00000000c0000000)
  object space 21504K, 27% used [0x00000000bae00000,0x00000000bb3d95c0,0x00000000bc300000)
}
Event: 22.795 GC heap before
{Heap before GC invocations=11 (full 1):
 PSYoungGen      total 229888K, used 229866K [0x00000000eaa80000, 0x00000000fc500000, 0x0000000100000000)
  eden space 198144K, 100% used [0x00000000eaa80000,0x00000000f6c00000,0x00000000f6c00000)
  from space 31744K, 99% used [0x00000000f9380000,0x00000000fb27aa30,0x00000000fb280000)
  to   space 18944K, 0% used [0x00000000fb280000,0x00000000fb280000,0x00000000fc500000)
 ParOldGen       total 87040K, used 65112K [0x00000000c0000000, 0x00000000c5500000, 0x00000000eaa80000)
  object space 87040K, 74% used [0x00000000c0000000,0x00000000c3f963b8,0x00000000c5500000)
 PSPermGen       total 21504K, used 6009K [0x00000000bae00000, 0x00000000bc300000, 0x00000000c0000000)
  object space 21504K, 27% used [0x00000000bae00000,0x00000000bb3de498,0x00000000bc300000)
Event: 23.424 GC heap after
Heap after GC invocations=11 (full 1):
 PSYoungGen      total 229888K, used 229866K [0x00000000eaa80000, 0x00000000fc500000, 0x0000000100000000)
  eden space 198144K, 100% used [0x00000000eaa80000,0x00000000f6c00000,0x00000000f6c00000)
  from space 31744K, 99% used [0x00000000f9380000,0x00000000fb27aa30,0x00000000fb280000)
  to   space 18944K, 99% used [0x00000000fb280000,0x00000000fc4f9998,0x00000000fc500000)
 ParOldGen       total 110080K, used 110075K [0x00000000c0000000, 0x00000000c6b80000, 0x00000000eaa80000)
  object space 110080K, 99% used [0x00000000c0000000,0x00000000c6b7ef58,0x00000000c6b80000)
 PSPermGen       total 21504K, used 6009K [0x00000000bae00000, 0x00000000bc300000, 0x00000000c0000000)
  object space 21504K, 27% used [0x00000000bae00000,0x00000000bb3de498,0x00000000bc300000)
}
Event: 23.424 GC heap before
{Heap before GC invocations=12 (full 2):
 PSYoungGen      total 229888K, used 229866K [0x00000000eaa80000, 0x00000000fc500000, 0x0000000100000000)
  eden space 198144K, 100% used [0x00000000eaa80000,0x00000000f6c00000,0x00000000f6c00000)
  from space 31744K, 99% used [0x00000000f9380000,0x00000000fb27aa30,0x00000000fb280000)
  to   space 18944K, 99% used [0x00000000fb280000,0x00000000fc4f9998,0x00000000fc500000)
 ParOldGen       total 110080K, used 110075K [0x00000000c0000000, 0x00000000c6b80000, 0x00000000eaa80000)
  object space 110080K, 99% used [0x00000000c0000000,0x00000000c6b7ef58,0x00000000c6b80000)
 PSPermGen       total 21504K, used 6009K [0x00000000bae00000, 0x00000000bc300000, 0x00000000c0000000)
  object space 21504K, 27% used [0x00000000bae00000,0x00000000bb3de498,0x00000000bc300000)
Event: 26.292 GC heap after
Heap after GC invocations=12 (full 2):
 PSYoungGen      total 229888K, used 0K [0x00000000eaa80000, 0x00000000fc500000, 0x0000000100000000)
  eden space 198144K, 0% used [0x00000000eaa80000,0x00000000eaa80000,0x00000000f6c00000)
  from space 31744K, 0% used [0x00000000f9380000,0x00000000f9380000,0x00000000fb280000)
  to   space 18944K, 77% used [0x00000000fb280000,0x00000000fc0d3cf8,0x00000000fc500000)
 ParOldGen       total 110080K, used 109632K [0x00000000c0000000, 0x00000000c6b80000, 0x00000000eaa80000)
  object space 110080K, 99% used [0x00000000c0000000,0x00000000c6b10228,0x00000000c6b80000)
 PSPermGen       total 21504K, used 6008K [0x00000000bae00000, 0x00000000bc300000, 0x00000000c0000000)
  object space 21504K, 27% used [0x00000000bae00000,0x00000000bb3de158,0x00000000bc300000)
}

Deoptimization events (10 events):
Event: 20.327 Thread 0x000000000843b800 Uncommon trap: reason=class_check action=maybe_recompile pc=0x000000000284fe4c method=com.android.dx.cf.code.OneLocalsArray.set(ILcom/android/dx/rop/type/TypeBearer;)V @ 85
Event: 20.697 Thread 0x00000000024d0800 Uncommon trap: reason=class_check action=maybe_recompile pc=0x00000000027f6fa8 method=com.android.dx.cf.code.RopperMachine.run(Lcom/android/dx/cf/code/Frame;II)V @ 1024
Event: 20.697 Thread 0x00000000024d0800 Uncommon trap: reason=class_check action=maybe_recompile pc=0x00000000027f6fa8 method=com.android.dx.cf.code.RopperMachine.run(Lcom/android/dx/cf/code/Frame;II)V @ 1024
Event: 20.697 Thread 0x00000000024d0800 Uncommon trap: reason=class_check action=maybe_recompile pc=0x00000000027f6fa8 method=com.android.dx.cf.code.RopperMachine.run(Lcom/android/dx/cf/code/Frame;II)V @ 1024
Event: 20.758 Thread 0x00000000024d0800 Uncommon trap: reason=bimorphic action=maybe_recompile pc=0x00000000026f6f98 method=com.android.dx.ssa.SCCP.setLatticeValueTo(IILcom/android/dx/rop/cst/Constant;)Z @ 43
Event: 20.762 Thread 0x00000000024d0800 Uncommon trap: reason=bimorphic action=maybe_recompile pc=0x00000000026f6f98 method=com.android.dx.ssa.SCCP.setLatticeValueTo(IILcom/android/dx/rop/cst/Constant;)Z @ 43
Event: 21.780 Thread 0x00000000024d0800 Uncommon trap: reason=bimorphic action=maybe_recompile pc=0x000000000283b120 method=com.android.dx.cf.code.BytecodeArray.parseInstruction(ILcom/android/dx/cf/code/BytecodeArray$Visitor;)I @ 1549
Event: 21.780 Thread 0x00000000024d0800 Uncommon trap: reason=bimorphic action=maybe_recompile pc=0x000000000283b120 method=com.android.dx.cf.code.BytecodeArray.parseInstruction(ILcom/android/dx/cf/code/BytecodeArray$Visitor;)I @ 1549
Event: 22.453 Thread 0x000000000843f800 Uncommon trap: reason=unreached action=reinterpret pc=0x00000000028b5174 method=com.android.dx.ssa.PhiTypeResolver.resolveResultType(Lcom/android/dx/ssa/PhiInsn;)Z @ 64
Event: 26.563 Thread 0x000000000843b800 Uncommon trap: reason=class_check action=maybe_recompile pc=0x000000000284fe4c method=com.android.dx.cf.code.OneLocalsArray.set(ILcom/android/dx/rop/type/TypeBearer;)V @ 85

Internal exceptions (10 events):
Event: 11.459 Thread 0x00000000024d0800 Threw 0x00000000ec028e18 at C:\re\jdk7u67\1368\hotspot\src\share\vm\prims\jvm.cpp:1244
Event: 13.972 Thread 0x000000000843b800 Implicit null exception at 0x00000000027be902 to 0x00000000027bf851
Event: 13.973 Thread 0x000000000843b800 Implicit null exception at 0x000000000273bf0b to 0x000000000273c9d9
Event: 13.974 Thread 0x000000000843b800 Implicit null exception at 0x00000000027e5d17 to 0x00000000027e5e99
Event: 13.974 Thread 0x000000000843b800 Implicit null exception at 0x000000000266357f to 0x00000000026636d9
Event: 13.974 Thread 0x000000000843b800 Implicit null exception at 0x0000000002794dfe to 0x0000000002795ea9
Event: 19.103 Thread 0x00000000024d0800 Threw 0x00000000eb160d88 at C:\re\jdk7u67\1368\hotspot\src\share\vm\prims\jvm.cpp:1244
Event: 19.529 Thread 0x000000000843f800 Implicit null exception at 0x0000000002830930 to 0x0000000002830fd5
Event: 22.453 Thread 0x000000000843f800 Implicit null exception at 0x00000000028b4b08 to 0x00000000028b5152
Event: 26.815 Thread 0x000000000843f800 Threw 0x00000000ed347038 at C:\re\jdk7u67\1368\hotspot\src\share\vm\prims\jvm.cpp:1244

Events (10 events):
Event: 26.293 Executing VM operation: ParallelGCFailedAllocation done
Event: 26.537 Thread 0x00000000083fb800 flushing nmethod 0x0000000002706510
Event: 26.540 Thread 0x00000000083fb800 flushing nmethod 0x0000000002768f90
Event: 26.550 loading class 0x0000000002547a60
Event: 26.550 loading class 0x0000000002547a60 done
Event: 26.563 Thread 0x000000000843b800 Uncommon trap: trap_request=0xffffffde fr.pc=0x000000000284fe4c
Event: 26.563 Thread 0x000000000843b800 DEOPT PACKING pc=0x000000000284fe4c sp=0x000000000a46ea10
Event: 26.563 Thread 0x000000000843b800 DEOPT UNPACKING pc=0x0000000002609064 sp=0x000000000a46e9a8 mode 2
Event: 26.814 loading class 0x0000000009ffed50
Event: 26.814 loading class 0x0000000009ffed50 done


Dynamic libraries:
0x00007ff69ae10000 - 0x00007ff69ae43000 	C:\Program Files\Java\jdk1.7.0_67\bin\java.exe
0x00007ffdc3de0000 - 0x00007ffdc3fb1000 	C:\WINDOWS\SYSTEM32\ntdll.dll
0x00007ffdc3230000 - 0x00007ffdc32dc000 	C:\WINDOWS\System32\KERNEL32.DLL
0x00007ffdc05a0000 - 0x00007ffdc07bd000 	C:\WINDOWS\System32\KERNELBASE.dll
0x00007ffdc38c0000 - 0x00007ffdc3962000 	C:\WINDOWS\System32\ADVAPI32.dll
0x00007ffdc32e0000 - 0x00007ffdc337e000 	C:\WINDOWS\System32\msvcrt.dll
0x00007ffdc3d10000 - 0x00007ffdc3d69000 	C:\WINDOWS\System32\sechost.dll
0x00007ffdc13a0000 - 0x00007ffdc14c1000 	C:\WINDOWS\System32\RPCRT4.dll
0x00007ffdc14d0000 - 0x00007ffdc1635000 	C:\WINDOWS\System32\USER32.dll
0x00007ffdc1090000 - 0x00007ffdc10ae000 	C:\WINDOWS\System32\win32u.dll
0x00007ffdc1640000 - 0x00007ffdc1674000 	C:\WINDOWS\System32\GDI32.dll
0x00007ffdc0ea0000 - 0x00007ffdc1022000 	C:\WINDOWS\System32\gdi32full.dll
0x00007ffdb5b80000 - 0x00007ffdb5dfa000 	C:\WINDOWS\WinSxS\amd64_microsoft.windows.common-controls_6595b64144ccf1df_6.0.14393.953_none_42151e83c686086b\COMCTL32.dll
0x00007ffdc33f0000 - 0x00007ffdc36b8000 	C:\WINDOWS\System32\combase.dll
0x00007ffdc02d0000 - 0x00007ffdc03c5000 	C:\WINDOWS\System32\ucrtbase.dll
0x00007ffdc0480000 - 0x00007ffdc04ea000 	C:\WINDOWS\System32\bcryptPrimitives.dll
0x00007ffdc1370000 - 0x00007ffdc139e000 	C:\WINDOWS\System32\IMM32.DLL
0x000000006cf20000 - 0x000000006cff2000 	C:\Program Files\Java\jdk1.7.0_67\jre\bin\msvcr100.dll
0x000000006c510000 - 0x000000006cce2000 	C:\Program Files\Java\jdk1.7.0_67\jre\bin\server\jvm.dll
0x00007ffdc3380000 - 0x00007ffdc3388000 	C:\WINDOWS\System32\PSAPI.DLL
0x00007ffdbe740000 - 0x00007ffdbe763000 	C:\WINDOWS\SYSTEM32\WINMM.dll
0x00007ffda2090000 - 0x00007ffda2099000 	C:\WINDOWS\SYSTEM32\WSOCK32.dll
0x00007ffdc3d70000 - 0x00007ffdc3dda000 	C:\WINDOWS\System32\WS2_32.dll
0x0000000000b60000 - 0x0000000000b8b000 	C:\WINDOWS\SYSTEM32\WINMMBASE.dll
0x00007ffdc10b0000 - 0x00007ffdc10f2000 	C:\WINDOWS\System32\cfgmgr32.dll
0x000000006d4b0000 - 0x000000006d4bf000 	C:\Program Files\Java\jdk1.7.0_67\jre\bin\verify.dll
0x000000006d480000 - 0x000000006d4a8000 	C:\Program Files\Java\jdk1.7.0_67\jre\bin\java.dll
0x000000006d460000 - 0x000000006d475000 	C:\Program Files\Java\jdk1.7.0_67\jre\bin\zip.dll
0x000000006d330000 - 0x000000006d349000 	C:\Program Files\Java\jdk1.7.0_67\jre\bin\net.dll
0x00007ffdbfb70000 - 0x00007ffdbfbcc000 	C:\WINDOWS\system32\mswsock.dll
0x000000006d310000 - 0x000000006d321000 	C:\Program Files\Java\jdk1.7.0_67\jre\bin\nio.dll

VM Arguments:
jvm_args: -Xmx1024M -Dfile.encoding=windows-1252 -Duser.country=US -Duser.language=en -Duser.variant 
java_command: com.android.dx.command.Main --dex --num-threads=4 --multi-dex --main-dex-list E:\kuliah\Semester 6\mobile\Final\ApplicationBeratBadan\app\build\intermediates\multi-dex\debug\maindexlist.txt --output E:\kuliah\Semester 6\mobile\Final\ApplicationBeratBadan\app\build\intermediates\dex\debug E:\kuliah\Semester 6\mobile\Final\ApplicationBeratBadan\app\build\intermediates\multi-dex\debug\allclasses.jar
Launcher Type: SUN_STANDARD

Environment Variables:
PATH=E:\app\ikhwan\product\12.1.0\dbhome_1\bin;C:\ProgramData\Oracle\Java\javapath;C:\WINDOWS\system32;C:\WINDOWS;C:\WINDOWS\System32\Wbem;C:\WINDOWS\System32\WindowsPowerShell\v1.0\;C:\Program Files\Microsoft SQL Server\Client SDK\ODBC\110\Tools\Binn\;C:\Program Files (x86)\Microsoft SQL Server\120\Tools\Binn\;C:\Program Files\Microsoft SQL Server\120\Tools\Binn\;C:\Program Files\Microsoft SQL Server\120\DTS\Binn\;C:\Program Files (x86)\Microsoft SQL Server\120\Tools\Binn\ManagementStudio\;C:\Program Files (x86)\Microsoft SQL Server\120\DTS\Binn\;C:\WINDOWS\system32\config\systemprofile\.dnx\bin;C:\Program Files\Microsoft DNX\Dnvm\;C:\Users\ikhwan\AppData\Local\Microsoft\WindowsApps;
USERNAME=ikhwan
OS=Windows_NT
PROCESSOR_IDENTIFIER=Intel64 Family 6 Model 37 Stepping 5, GenuineIntel



---------------  S Y S T E M  ---------------

OS: Windows 8.1 , 64 bit Build 9600 

CPU:total 4 (2 cores per cpu, 2 threads per core) family 6 model 37 stepping 5, cmov, cx8, fxsr, mmx, sse, sse2, sse3, ssse3, sse4.1, sse4.2, popcnt, ht, tsc, tscinvbit

Memory: 4k page, physical 3987308k(268168k free), swap 5402476k(5828k free)

vm_info: Java HotSpot(TM) 64-Bit Server VM (24.65-b04) for windows-amd64 JRE (1.7.0_67-b01), built on Jul 25 2014 08:55:00 by "java_re" with unknown MS VC++:1600

time: Wed May 31 02:40:53 2017
elapsed time: 26 seconds

