#
# There is insufficient memory for the Java Runtime Environment to continue.
# Native memory allocation (malloc) failed to allocate 1048576 bytes for AllocateHeap
# Possible reasons:
#   The system is out of physical RAM or swap space
#   In 32 bit mode, the process size limit was hit
# Possible solutions:
#   Reduce memory load on the system
#   Increase physical memory or swap space
#   Check if swap backing store is full
#   Use 64 bit Java on a 64 bit OS
#   Decrease Java heap size (-Xmx/-Xms)
#   Decrease number of Java threads
#   Decrease Java thread stack sizes (-Xss)
#   Set larger code cache with -XX:ReservedCodeCacheSize=
# This output file may be truncated or incomplete.
#
#  Out of Memory Error (memory/allocation.inline.hpp:61), pid=2204, tid=8024
#
# JRE version:  (7.0_67-b01) (build )
# Java VM: Java HotSpot(TM) 64-Bit Server VM (24.65-b04 mixed mode windows-amd64 compressed oops)
# Failed to write core dump. Minidumps are not enabled by default on client versions of Windows
#

---------------  T H R E A D  ---------------

Current thread (0x00000000022d0800):  JavaThread "Unknown thread" [_thread_in_vm, id=8024, stack(0x0000000002160000,0x0000000002260000)]

Stack: [0x0000000002160000,0x0000000002260000]

---------------  P R O C E S S  ---------------

Java Threads: ( => current thread )

Other Threads:

=>0x00000000022d0800 (exited) JavaThread "Unknown thread" [_thread_in_vm, id=8024, stack(0x0000000002160000,0x0000000002260000)]

VM state:not at safepoint (normal execution)

VM Mutex/Monitor currently owned by a thread: None

Heap
 PSYoungGen      total 18432K, used 317K [0x00000000eaa80000, 0x00000000ebf00000, 0x0000000100000000)
  eden space 15872K, 2% used [0x00000000eaa80000,0x00000000eaacf630,0x00000000eba00000)
  from space 2560K, 0% used [0x00000000ebc80000,0x00000000ebc80000,0x00000000ebf00000)
  to   space 2560K, 0% used [0x00000000eba00000,0x00000000eba00000,0x00000000ebc80000)
 ParOldGen       total 41472K, used 0K [0x00000000c0000000, 0x00000000c2880000, 0x00000000eaa80000)
  object space 41472K, 0% used [0x00000000c0000000,0x00000000c0000000,0x00000000c2880000)
 PSPermGen       total 21504K, used 693K [0x00000000bae00000, 0x00000000bc300000, 0x00000000c0000000)
  object space 21504K, 3% used [0x00000000bae00000,0x00000000baead660,0x00000000bc300000)

Card table byte_map: [0x0000000005490000,0x00000000056c0000] byte_map_base: 0x0000000004eb9000

Polling page: 0x0000000000950000

Code Cache  [0x00000000023d0000, 0x0000000002640000, 0x00000000053d0000)
 total_blobs=37 nmethods=0 adapters=20 free_code_cache=48890Kb largest_free_block=50063104

Compilation events (0 events):
No events

GC Heap History (0 events):
No events

Deoptimization events (0 events):
No events

Internal exceptions (0 events):
No events

Events (10 events):
Event: 0.049 loading class 0x0000000002316d80
Event: 0.050 loading class 0x0000000002316d80 done
Event: 0.050 loading class 0x0000000002316dd0
Event: 0.051 loading class 0x0000000002316dd0 done
Event: 0.051 loading class 0x0000000002316e20
Event: 0.051 loading class 0x0000000002316e20 done
Event: 0.053 loading class 0x0000000002317b80
Event: 0.053 loading class 0x0000000002317b80 done
Event: 0.053 loading class 0x00000000023177a0
Event: 0.053 loading class 0x00000000023177a0 done


Dynamic libraries:
0x00007ff6ffb00000 - 0x00007ff6ffb33000 	C:\Program Files\Java\jdk1.7.0_67\bin\java.exe
0x00007ff8f1720000 - 0x00007ff8f18f1000 	C:\WINDOWS\SYSTEM32\ntdll.dll
0x00007ff8eef50000 - 0x00007ff8eeffc000 	C:\WINDOWS\System32\KERNEL32.DLL
0x00007ff8edc10000 - 0x00007ff8ede2d000 	C:\WINDOWS\System32\KERNELBASE.dll
0x00007ff8f1070000 - 0x00007ff8f1112000 	C:\WINDOWS\System32\ADVAPI32.dll
0x00007ff8f0be0000 - 0x00007ff8f0c7e000 	C:\WINDOWS\System32\msvcrt.dll
0x00007ff8eed20000 - 0x00007ff8eed79000 	C:\WINDOWS\System32\sechost.dll
0x00007ff8eed80000 - 0x00007ff8eeea1000 	C:\WINDOWS\System32\RPCRT4.dll
0x00007ff8f1120000 - 0x00007ff8f1285000 	C:\WINDOWS\System32\USER32.dll
0x00007ff8ee560000 - 0x00007ff8ee57e000 	C:\WINDOWS\System32\win32u.dll
0x00007ff8f16d0000 - 0x00007ff8f1704000 	C:\WINDOWS\System32\GDI32.dll
0x00007ff8ee860000 - 0x00007ff8ee9e2000 	C:\WINDOWS\System32\gdi32full.dll
0x00007ff8e0ca0000 - 0x00007ff8e0f1a000 	C:\WINDOWS\WinSxS\amd64_microsoft.windows.common-controls_6595b64144ccf1df_6.0.14393.953_none_42151e83c686086b\COMCTL32.dll
0x00007ff8f0da0000 - 0x00007ff8f1068000 	C:\WINDOWS\System32\combase.dll
0x00007ff8ee9f0000 - 0x00007ff8eeae5000 	C:\WINDOWS\System32\ucrtbase.dll
0x00007ff8ee750000 - 0x00007ff8ee7ba000 	C:\WINDOWS\System32\bcryptPrimitives.dll
0x00007ff8ef5d0000 - 0x00007ff8ef5fe000 	C:\WINDOWS\System32\IMM32.DLL
0x0000000051b10000 - 0x0000000051be2000 	C:\Program Files\Java\jdk1.7.0_67\jre\bin\msvcr100.dll
0x0000000051f60000 - 0x0000000052732000 	C:\Program Files\Java\jdk1.7.0_67\jre\bin\server\jvm.dll
0x00007ff8ef460000 - 0x00007ff8ef468000 	C:\WINDOWS\System32\PSAPI.DLL
0x00007ff8d5620000 - 0x00007ff8d5629000 	C:\WINDOWS\SYSTEM32\WSOCK32.dll
0x00007ff8eba90000 - 0x00007ff8ebab3000 	C:\WINDOWS\SYSTEM32\WINMM.dll
0x00007ff8eecb0000 - 0x00007ff8eed1a000 	C:\WINDOWS\System32\WS2_32.dll
0x00007ff8eba60000 - 0x00007ff8eba8b000 	C:\WINDOWS\SYSTEM32\WINMMBASE.dll
0x00007ff8ee510000 - 0x00007ff8ee552000 	C:\WINDOWS\System32\cfgmgr32.dll
0x00000000528f0000 - 0x00000000528ff000 	C:\Program Files\Java\jdk1.7.0_67\jre\bin\verify.dll
0x00000000528c0000 - 0x00000000528e8000 	C:\Program Files\Java\jdk1.7.0_67\jre\bin\java.dll
0x0000000051f40000 - 0x0000000051f55000 	C:\Program Files\Java\jdk1.7.0_67\jre\bin\zip.dll

VM Arguments:
jvm_args: -Xmx1024M -Dfile.encoding=windows-1252 -Duser.country=US -Duser.language=en -Duser.variant 
java_command: com.android.dx.command.Main --dex --num-threads=4 --output E:\kuliah\Semester 6\mobile\Final\ApplicationBeratBadan\app\build\intermediates\pre-dexed\debug\internal_impl-23.4.0-f44c62718fe3b73f1d9755c3d74ca9770dcf19f1.jar E:\kuliah\Semester 6\mobile\Final\ApplicationBeratBadan\app\build\intermediates\exploded-aar\com.android.support\support-v4\23.4.0\jars\libs\internal_impl-23.4.0.jar
Launcher Type: SUN_STANDARD

Environment Variables:
PATH=E:\app\ikhwan\product\12.1.0\dbhome_1\bin;C:\ProgramData\Oracle\Java\javapath;C:\WINDOWS\system32;C:\WINDOWS;C:\WINDOWS\System32\Wbem;C:\WINDOWS\System32\WindowsPowerShell\v1.0\;C:\Program Files\Microsoft SQL Server\Client SDK\ODBC\110\Tools\Binn\;C:\Program Files (x86)\Microsoft SQL Server\120\Tools\Binn\;C:\Program Files\Microsoft SQL Server\120\Tools\Binn\;C:\Program Files\Microsoft SQL Server\120\DTS\Binn\;C:\Program Files (x86)\Microsoft SQL Server\120\Tools\Binn\ManagementStudio\;C:\Program Files (x86)\Microsoft SQL Server\120\DTS\Binn\;C:\WINDOWS\system32\config\systemprofile\.dnx\bin;C:\Program Files\Microsoft DNX\Dnvm\;C:\Users\ikhwan\AppData\Local\Microsoft\WindowsApps;
USERNAME=ikhwan
OS=Windows_NT
PROCESSOR_IDENTIFIER=Intel64 Family 6 Model 37 Stepping 5, GenuineIntel



---------------  S Y S T E M  ---------------

OS: Windows 8.1 , 64 bit Build 9600 

CPU:total 4 (2 cores per cpu, 2 threads per core) family 6 model 37 stepping 5, cmov, cx8, fxsr, mmx, sse, sse2, sse3, ssse3, sse4.1, sse4.2, popcnt, ht, tsc, tscinvbit

Memory: 4k page, physical 3987308k(422936k free), swap 5402476k(5264k free)

vm_info: Java HotSpot(TM) 64-Bit Server VM (24.65-b04) for windows-amd64 JRE (1.7.0_67-b01), built on Jul 25 2014 08:55:00 by "java_re" with unknown MS VC++:1600

time: Sun May 28 14:12:51 2017
elapsed time: 0 seconds

