#
# There is insufficient memory for the Java Runtime Environment to continue.
# Native memory allocation (malloc) failed to allocate 1658400 bytes for Chunk::new
# Possible reasons:
#   The system is out of physical RAM or swap space
#   In 32 bit mode, the process size limit was hit
# Possible solutions:
#   Reduce memory load on the system
#   Increase physical memory or swap space
#   Check if swap backing store is full
#   Use 64 bit Java on a 64 bit OS
#   Decrease Java heap size (-Xmx/-Xms)
#   Decrease number of Java threads
#   Decrease Java thread stack sizes (-Xss)
#   Set larger code cache with -XX:ReservedCodeCacheSize=
# This output file may be truncated or incomplete.
#
#  Out of Memory Error (allocation.cpp:323), pid=7308, tid=2652
#
# JRE version: Java(TM) SE Runtime Environment (7.0_67-b01) (build 1.7.0_67-b01)
# Java VM: Java HotSpot(TM) 64-Bit Server VM (24.65-b04 mixed mode windows-amd64 compressed oops)
# Failed to write core dump. Minidumps are not enabled by default on client versions of Windows
#

---------------  T H R E A D  ---------------

Current thread (0x000000000915b800):  JavaThread "C2 CompilerThread0" daemon [_thread_in_native, id=2652, stack(0x000000000a6c0000,0x000000000a7c0000)]

Stack: [0x000000000a6c0000,0x000000000a7c0000]

Current CompileTask:
C2:  26724  821   !         com.android.dx.dex.cf.CfTranslator::processMethods (583 bytes)


---------------  P R O C E S S  ---------------

Java Threads: ( => current thread )
  0x00000000091a3000 JavaThread "pool-2-thread-4" [_thread_blocked, id=3540, stack(0x000000000b2c0000,0x000000000b3c0000)]
  0x00000000091a4800 JavaThread "pool-2-thread-3" [_thread_blocked, id=7876, stack(0x000000000b1c0000,0x000000000b2c0000)]
  0x00000000091a3800 JavaThread "pool-2-thread-2" [_thread_blocked, id=5708, stack(0x000000000b0c0000,0x000000000b1c0000)]
  0x000000000919e800 JavaThread "pool-3-thread-1" [_thread_blocked, id=9144, stack(0x000000000afc0000,0x000000000b0c0000)]
  0x000000000919d800 JavaThread "pool-2-thread-1" [_thread_blocked, id=8052, stack(0x000000000aec0000,0x000000000afc0000)]
  0x000000000916a800 JavaThread "Service Thread" daemon [_thread_blocked, id=8544, stack(0x000000000a8c0000,0x000000000a9c0000)]
  0x000000000915e800 JavaThread "C2 CompilerThread1" daemon [_thread_blocked, id=5028, stack(0x000000000a7c0000,0x000000000a8c0000)]
=>0x000000000915b800 JavaThread "C2 CompilerThread0" daemon [_thread_in_native, id=2652, stack(0x000000000a6c0000,0x000000000a7c0000)]
  0x000000000915b000 JavaThread "Attach Listener" daemon [_thread_blocked, id=6188, stack(0x000000000a5c0000,0x000000000a6c0000)]
  0x0000000009158000 JavaThread "Signal Dispatcher" daemon [_thread_blocked, id=7344, stack(0x000000000a4c0000,0x000000000a5c0000)]
  0x0000000009121800 JavaThread "Finalizer" daemon [_thread_blocked, id=7700, stack(0x000000000a3c0000,0x000000000a4c0000)]
  0x0000000009117800 JavaThread "Reference Handler" daemon [_thread_blocked, id=1620, stack(0x000000000a2c0000,0x000000000a3c0000)]
  0x0000000003100800 JavaThread "main" [_thread_blocked, id=4936, stack(0x00000000018b0000,0x00000000019b0000)]

Other Threads:
  0x0000000009110800 VMThread [stack: 0x000000000a1c0000,0x000000000a2c0000] [id=5880]
  0x000000000917b800 WatcherThread [stack: 0x000000000a9c0000,0x000000000aac0000] [id=6528]

VM state:at safepoint (normal execution)

VM Mutex/Monitor currently owned by a thread:  ([mutex/lock_event])
[0x000000000347c960] Threads_lock - owner thread: 0x0000000009110800
[0x000000000347c160] Heap_lock - owner thread: 0x00000000091a3000

Heap
 PSYoungGen      total 209920K, used 15329K [0x00000000eaa80000, 0x00000000fc080000, 0x0000000100000000)
  eden space 194560K, 0% used [0x00000000eaa80000,0x00000000eaa80000,0x00000000f6880000)
  from space 15360K, 99% used [0x00000000fb180000,0x00000000fc078700,0x00000000fc080000)
  to   space 31744K, 0% used [0x00000000f9280000,0x00000000f9280000,0x00000000fb180000)
 ParOldGen       total 113152K, used 112780K [0x00000000c0000000, 0x00000000c6e80000, 0x00000000eaa80000)
  object space 113152K, 99% used [0x00000000c0000000,0x00000000c6e233b8,0x00000000c6e80000)
 PSPermGen       total 21504K, used 6011K [0x00000000bae00000, 0x00000000bc300000, 0x00000000c0000000)
  object space 21504K, 27% used [0x00000000bae00000,0x00000000bb3dee00,0x00000000bc300000)

Card table byte_map: [0x0000000006480000,0x00000000066b0000] byte_map_base: 0x0000000005ea9000

Polling page: 0x00000000019b0000

Code Cache  [0x0000000003480000, 0x00000000037c0000, 0x0000000006480000)
 total_blobs=1059 nmethods=821 adapters=189 free_code_cache=45962Kb largest_free_block=46976704

Compilation events (10 events):
Event: 25.605 Thread 0x000000000915e800 nmethod 838 0x00000000035fde50 code [0x00000000035fdfa0, 0x00000000035fe138]
Event: 25.610 Thread 0x000000000915e800  839             com.android.dx.ssa.ConstCollector::run (236 bytes)
Event: 25.673 Thread 0x000000000915e800 nmethod 839 0x00000000035d0fd0 code [0x00000000035d1240, 0x00000000035d1d18]
Event: 25.673 Thread 0x000000000915e800  840             java.util.concurrent.atomic.AtomicInteger::get (5 bytes)
Event: 25.674 Thread 0x000000000915e800 nmethod 840 0x000000000377fa50 code [0x000000000377fb80, 0x000000000377fbd8]
Event: 25.674 Thread 0x000000000915e800  841             com.android.dx.ssa.SsaMethod::onInsnRemoved (43 bytes)
Event: 25.699 Thread 0x000000000915e800 nmethod 841 0x000000000377c090 code [0x000000000377c220, 0x000000000377c6e8]
Event: 25.744 Thread 0x000000000915e800  842             com.android.dx.cf.direct.StdAttributeFactory::code (613 bytes)
Event: 25.903 Thread 0x000000000915e800 nmethod 842 0x00000000037a1050 code [0x00000000037a12c0, 0x00000000037a2ee0]
Event: 25.903 Thread 0x000000000915e800  843             com.android.dx.ssa.SsaMethod::onSourceChanged (65 bytes)

GC Heap History (10 events):
Event: 16.473 GC heap after
Heap after GC invocations=7 (full 0):
 PSYoungGen      total 139776K, used 15333K [0x00000000eaa80000, 0x00000000fd080000, 0x0000000100000000)
  eden space 124416K, 0% used [0x00000000eaa80000,0x00000000eaa80000,0x00000000f2400000)
  from space 15360K, 99% used [0x00000000f2400000,0x00000000f32f9488,0x00000000f3300000)
  to   space 26112K, 0% used [0x00000000fb700000,0x00000000fb700000,0x00000000fd080000)
 ParOldGen       total 41984K, used 41961K [0x00000000c0000000, 0x00000000c2900000, 0x00000000eaa80000)
  object space 41984K, 99% used [0x00000000c0000000,0x00000000c28fa7b8,0x00000000c2900000)
 PSPermGen       total 21504K, used 5955K [0x00000000bae00000, 0x00000000bc300000, 0x00000000c0000000)
  object space 21504K, 27% used [0x00000000bae00000,0x00000000bb3d0d98,0x00000000bc300000)
}
Event: 16.473 GC heap before
{Heap before GC invocations=8 (full 1):
 PSYoungGen      total 139776K, used 15333K [0x00000000eaa80000, 0x00000000fd080000, 0x0000000100000000)
  eden space 124416K, 0% used [0x00000000eaa80000,0x00000000eaa80000,0x00000000f2400000)
  from space 15360K, 99% used [0x00000000f2400000,0x00000000f32f9488,0x00000000f3300000)
  to   space 26112K, 0% used [0x00000000fb700000,0x00000000fb700000,0x00000000fd080000)
 ParOldGen       total 41984K, used 41961K [0x00000000c0000000, 0x00000000c2900000, 0x00000000eaa80000)
  object space 41984K, 99% used [0x00000000c0000000,0x00000000c28fa7b8,0x00000000c2900000)
 PSPermGen       total 21504K, used 5955K [0x00000000bae00000, 0x00000000bc300000, 0x00000000c0000000)
  object space 21504K, 27% used [0x00000000bae00000,0x00000000bb3d0d98,0x00000000bc300000)
Event: 19.501 GC heap after
Heap after GC invocations=8 (full 1):
 PSYoungGen      total 139776K, used 10192K [0x00000000eaa80000, 0x00000000fd080000, 0x0000000100000000)
  eden space 124416K, 0% used [0x00000000eaa80000,0x00000000eaa80000,0x00000000f2400000)
  from space 15360K, 66% used [0x00000000f2400000,0x00000000f2df4140,0x00000000f3300000)
  to   space 26112K, 0% used [0x00000000fb700000,0x00000000fb700000,0x00000000fd080000)
 ParOldGen       total 83968K, used 41497K [0x00000000c0000000, 0x00000000c5200000, 0x00000000eaa80000)
  object space 83968K, 49% used [0x00000000c0000000,0x00000000c2886578,0x00000000c5200000)
 PSPermGen       total 21504K, used 5949K [0x00000000bae00000, 0x00000000bc300000, 0x00000000c0000000)
  object space 21504K, 27% used [0x00000000bae00000,0x00000000bb3cf798,0x00000000bc300000)
}
Event: 21.189 GC heap before
{Heap before GC invocations=9 (full 1):
 PSYoungGen      total 139776K, used 134608K [0x00000000eaa80000, 0x00000000fd080000, 0x0000000100000000)
  eden space 124416K, 100% used [0x00000000eaa80000,0x00000000f2400000,0x00000000f2400000)
  from space 15360K, 66% used [0x00000000f2400000,0x00000000f2df4140,0x00000000f3300000)
  to   space 26112K, 0% used [0x00000000fb700000,0x00000000fb700000,0x00000000fd080000)
 ParOldGen       total 83968K, used 41497K [0x00000000c0000000, 0x00000000c5200000, 0x00000000eaa80000)
  object space 83968K, 49% used [0x00000000c0000000,0x00000000c2886578,0x00000000c5200000)
 PSPermGen       total 21504K, used 5966K [0x00000000bae00000, 0x00000000bc300000, 0x00000000c0000000)
  object space 21504K, 27% used [0x00000000bae00000,0x00000000bb3d3990,0x00000000bc300000)
Event: 21.439 GC heap after
Heap after GC invocations=9 (full 1):
 PSYoungGen      total 185344K, used 26089K [0x00000000eaa80000, 0x00000000fd080000, 0x0000000100000000)
  eden space 159232K, 0% used [0x00000000eaa80000,0x00000000eaa80000,0x00000000f4600000)
  from space 26112K, 99% used [0x00000000fb700000,0x00000000fd07a588,0x00000000fd080000)
  to   space 31744K, 0% used [0x00000000f9280000,0x00000000f9280000,0x00000000fb180000)
 ParOldGen       total 83968K, used 44007K [0x00000000c0000000, 0x00000000c5200000, 0x00000000eaa80000)
  object space 83968K, 52% used [0x00000000c0000000,0x00000000c2af9ed0,0x00000000c5200000)
 PSPermGen       total 21504K, used 5966K [0x00000000bae00000, 0x00000000bc300000, 0x00000000c0000000)
  object space 21504K, 27% used [0x00000000bae00000,0x00000000bb3d3990,0x00000000bc300000)
}
Event: 23.101 GC heap before
{Heap before GC invocations=10 (full 1):
 PSYoungGen      total 185344K, used 185321K [0x00000000eaa80000, 0x00000000fd080000, 0x0000000100000000)
  eden space 159232K, 100% used [0x00000000eaa80000,0x00000000f4600000,0x00000000f4600000)
  from space 26112K, 99% used [0x00000000fb700000,0x00000000fd07a588,0x00000000fd080000)
  to   space 31744K, 0% used [0x00000000f9280000,0x00000000f9280000,0x00000000fb180000)
 ParOldGen       total 83968K, used 44007K [0x00000000c0000000, 0x00000000c5200000, 0x00000000eaa80000)
  object space 83968K, 52% used [0x00000000c0000000,0x00000000c2af9ed0,0x00000000c5200000)
 PSPermGen       total 21504K, used 5991K [0x00000000bae00000, 0x00000000bc300000, 0x00000000c0000000)
  object space 21504K, 27% used [0x00000000bae00000,0x00000000bb3d9c70,0x00000000bc300000)
Event: 23.472 GC heap after
Heap after GC invocations=10 (full 1):
 PSYoungGen      total 226304K, used 31729K [0x00000000eaa80000, 0x00000000fc080000, 0x0000000100000000)
  eden space 194560K, 0% used [0x00000000eaa80000,0x00000000eaa80000,0x00000000f6880000)
  from space 31744K, 99% used [0x00000000f9280000,0x00000000fb17c488,0x00000000fb180000)
  to   space 15360K, 0% used [0x00000000fb180000,0x00000000fb180000,0x00000000fc080000)
 ParOldGen       total 83968K, used 64206K [0x00000000c0000000, 0x00000000c5200000, 0x00000000eaa80000)
  object space 83968K, 76% used [0x00000000c0000000,0x00000000c3eb3b20,0x00000000c5200000)
 PSPermGen       total 21504K, used 5991K [0x00000000bae00000, 0x00000000bc300000, 0x00000000c0000000)
  object space 21504K, 27% used [0x00000000bae00000,0x00000000bb3d9c70,0x00000000bc300000)
}
Event: 25.952 GC heap before
{Heap before GC invocations=11 (full 1):
 PSYoungGen      total 226304K, used 226289K [0x00000000eaa80000, 0x00000000fc080000, 0x0000000100000000)
  eden space 194560K, 100% used [0x00000000eaa80000,0x00000000f6880000,0x00000000f6880000)
  from space 31744K, 99% used [0x00000000f9280000,0x00000000fb17c488,0x00000000fb180000)
  to   space 15360K, 0% used [0x00000000fb180000,0x00000000fb180000,0x00000000fc080000)
 ParOldGen       total 83968K, used 64206K [0x00000000c0000000, 0x00000000c5200000, 0x00000000eaa80000)
  object space 83968K, 76% used [0x00000000c0000000,0x00000000c3eb3b20,0x00000000c5200000)
 PSPermGen       total 21504K, used 6011K [0x00000000bae00000, 0x00000000bc300000, 0x00000000c0000000)
  object space 21504K, 27% used [0x00000000bae00000,0x00000000bb3dee00,0x00000000bc300000)
Event: 26.503 GC heap after
Heap after GC invocations=11 (full 1):
 PSYoungGen      total 209920K, used 15329K [0x00000000eaa80000, 0x00000000fc080000, 0x0000000100000000)
  eden space 194560K, 0% used [0x00000000eaa80000,0x00000000eaa80000,0x00000000f6880000)
  from space 15360K, 99% used [0x00000000fb180000,0x00000000fc078700,0x00000000fc080000)
  to   space 31744K, 0% used [0x00000000f9280000,0x00000000f9280000,0x00000000fb180000)
 ParOldGen       total 113152K, used 112780K [0x00000000c0000000, 0x00000000c6e80000, 0x00000000eaa80000)
  object space 113152K, 99% used [0x00000000c0000000,0x00000000c6e233b8,0x00000000c6e80000)
 PSPermGen       total 21504K, used 6011K [0x00000000bae00000, 0x00000000bc300000, 0x00000000c0000000)
  object space 21504K, 27% used [0x00000000bae00000,0x00000000bb3dee00,0x00000000bc300000)
}
Event: 26.503 GC heap before
{Heap before GC invocations=12 (full 2):
 PSYoungGen      total 209920K, used 15329K [0x00000000eaa80000, 0x00000000fc080000, 0x0000000100000000)
  eden space 194560K, 0% used [0x00000000eaa80000,0x00000000eaa80000,0x00000000f6880000)
  from space 15360K, 99% used [0x00000000fb180000,0x00000000fc078700,0x00000000fc080000)
  to   space 31744K, 0% used [0x00000000f9280000,0x00000000f9280000,0x00000000fb180000)
 ParOldGen       total 113152K, used 112780K [0x00000000c0000000, 0x00000000c6e80000, 0x00000000eaa80000)
  object space 113152K, 99% used [0x00000000c0000000,0x00000000c6e233b8,0x00000000c6e80000)
 PSPermGen       total 21504K, used 6011K [0x00000000bae00000, 0x00000000bc300000, 0x00000000c0000000)
  object space 21504K, 27% used [0x00000000bae00000,0x00000000bb3dee00,0x00000000bc300000)

Deoptimization events (10 events):
Event: 21.880 Thread 0x0000000003100800 Uncommon trap: reason=class_check action=maybe_recompile pc=0x0000000003739bcc method=com.android.dx.cf.code.OneLocalsArray.set(ILcom/android/dx/rop/type/TypeBearer;)V @ 85
Event: 21.897 Thread 0x00000000091a4800 Uncommon trap: reason=unreached action=reinterpret pc=0x00000000036e7bb8 method=com.android.dx.ssa.SsaMethod.onInsnRemoved(Lcom/android/dx/ssa/SsaInsn;)V @ 29
Event: 22.071 Thread 0x00000000091a4800 Uncommon trap: reason=bimorphic action=maybe_recompile pc=0x0000000003602518 method=com.android.dx.ssa.LiteralOpUpgrader.tryReplacingWithConstant(Lcom/android/dx/ssa/NormalSsaInsn;)Z @ 62
Event: 22.082 Thread 0x00000000091a4800 Uncommon trap: reason=bimorphic action=maybe_recompile pc=0x0000000003602518 method=com.android.dx.ssa.LiteralOpUpgrader.tryReplacingWithConstant(Lcom/android/dx/ssa/NormalSsaInsn;)Z @ 62
Event: 22.152 Thread 0x000000000919d800 Uncommon trap: reason=unreached action=reinterpret pc=0x00000000035ea62c method=com.android.dx.ssa.MoveParamCombiner$1.visitNonMoveInsn(Lcom/android/dx/ssa/NormalSsaInsn;)V @ 27
Event: 22.875 Thread 0x00000000091a4800 Uncommon trap: reason=null_check action=make_not_entrant pc=0x00000000037875b8 method=com.android.dx.rop.cst.CstType.intern(Lcom/android/dx/rop/type/Type;)Lcom/android/dx/rop/cst/CstType; @ 13
Event: 23.494 Thread 0x00000000091a3000 Uncommon trap: reason=class_check action=maybe_recompile pc=0x0000000003739bcc method=com.android.dx.cf.code.OneLocalsArray.set(ILcom/android/dx/rop/type/TypeBearer;)V @ 85
Event: 23.520 Thread 0x000000000919d800 Uncommon trap: reason=class_check action=maybe_recompile pc=0x0000000003739bcc method=com.android.dx.cf.code.OneLocalsArray.set(ILcom/android/dx/rop/type/TypeBearer;)V @ 85
Event: 24.719 Thread 0x00000000091a3800 Uncommon trap: reason=bimorphic action=maybe_recompile pc=0x00000000036efb3c method=com.android.dx.cf.code.BytecodeArray.parseInstruction(ILcom/android/dx/cf/code/BytecodeArray$Visitor;)I @ 1549
Event: 24.719 Thread 0x00000000091a3800 Uncommon trap: reason=bimorphic action=maybe_recompile pc=0x00000000036efb3c method=com.android.dx.cf.code.BytecodeArray.parseInstruction(ILcom/android/dx/cf/code/BytecodeArray$Visitor;)I @ 1549

Internal exceptions (10 events):
Event: 8.577 Thread 0x00000000091a3800 Implicit null exception at 0x000000000352d792 to 0x000000000352ef49
Event: 11.757 Thread 0x0000000003100800 Threw 0x00000000eb80b550 at C:\re\jdk7u67\1368\hotspot\src\share\vm\prims\jvm.cpp:1244
Event: 14.994 Thread 0x00000000091a3800 Implicit null exception at 0x0000000003687afb to 0x0000000003688a7d
Event: 14.995 Thread 0x00000000091a3800 Implicit null exception at 0x00000000035f32ba to 0x00000000035f4175
Event: 14.995 Thread 0x00000000091a3800 Implicit null exception at 0x00000000036b2697 to 0x00000000036b2819
Event: 14.996 Thread 0x00000000091a3800 Implicit null exception at 0x000000000366157f to 0x00000000036616d9
Event: 14.996 Thread 0x00000000091a3800 Implicit null exception at 0x0000000003589803 to 0x000000000358b2c9
Event: 21.469 Thread 0x0000000003100800 Threw 0x00000000ead479f0 at C:\re\jdk7u67\1368\hotspot\src\share\vm\prims\jvm.cpp:1244
Event: 21.897 Thread 0x00000000091a4800 Implicit null exception at 0x00000000036e781e to 0x00000000036e7ba1
Event: 22.875 Thread 0x00000000091a4800 Implicit null exception at 0x0000000003785143 to 0x00000000037875ad

Events (10 events):
Event: 23.520 Thread 0x000000000919d800 DEOPT UNPACKING pc=0x00000000034b9064 sp=0x000000000afbed68 mode 2
Event: 23.773 Thread 0x000000000915e800 flushing nmethod 0x00000000035c6790
Event: 24.719 Thread 0x00000000091a3800 Uncommon trap: trap_request=0xffffffc6 fr.pc=0x00000000036efb3c
Event: 24.719 Thread 0x00000000091a3800 DEOPT PACKING pc=0x00000000036efb3c sp=0x000000000b1beba0
Event: 24.719 Thread 0x00000000091a3800 DEOPT UNPACKING pc=0x00000000034b9064 sp=0x000000000b1beb30 mode 2
Event: 24.719 Thread 0x00000000091a3800 Uncommon trap: trap_request=0xffffffc6 fr.pc=0x00000000036efb3c
Event: 24.719 Thread 0x00000000091a3800 DEOPT PACKING pc=0x00000000036efb3c sp=0x000000000b1bebb0
Event: 24.719 Thread 0x00000000091a3800 DEOPT UNPACKING pc=0x00000000034b9064 sp=0x000000000b1beb40 mode 2
Event: 25.574 Thread 0x000000000915e800 flushing nmethod 0x00000000035fd710
Event: 25.943 Executing VM operation: ParallelGCFailedAllocation


Dynamic libraries:
0x00007ff69ae10000 - 0x00007ff69ae43000 	C:\Program Files\Java\jdk1.7.0_67\bin\java.exe
0x00007ffdc3de0000 - 0x00007ffdc3fb1000 	C:\WINDOWS\SYSTEM32\ntdll.dll
0x00007ffdc3230000 - 0x00007ffdc32dc000 	C:\WINDOWS\System32\KERNEL32.DLL
0x00007ffdc05a0000 - 0x00007ffdc07bd000 	C:\WINDOWS\System32\KERNELBASE.dll
0x00007ffdc38c0000 - 0x00007ffdc3962000 	C:\WINDOWS\System32\ADVAPI32.dll
0x00007ffdc32e0000 - 0x00007ffdc337e000 	C:\WINDOWS\System32\msvcrt.dll
0x00007ffdc3d10000 - 0x00007ffdc3d69000 	C:\WINDOWS\System32\sechost.dll
0x00007ffdc13a0000 - 0x00007ffdc14c1000 	C:\WINDOWS\System32\RPCRT4.dll
0x00007ffdc14d0000 - 0x00007ffdc1635000 	C:\WINDOWS\System32\USER32.dll
0x00007ffdc1090000 - 0x00007ffdc10ae000 	C:\WINDOWS\System32\win32u.dll
0x00007ffdc1640000 - 0x00007ffdc1674000 	C:\WINDOWS\System32\GDI32.dll
0x00007ffdc0ea0000 - 0x00007ffdc1022000 	C:\WINDOWS\System32\gdi32full.dll
0x00007ffdb5b80000 - 0x00007ffdb5dfa000 	C:\WINDOWS\WinSxS\amd64_microsoft.windows.common-controls_6595b64144ccf1df_6.0.14393.953_none_42151e83c686086b\COMCTL32.dll
0x00007ffdc33f0000 - 0x00007ffdc36b8000 	C:\WINDOWS\System32\combase.dll
0x00007ffdc02d0000 - 0x00007ffdc03c5000 	C:\WINDOWS\System32\ucrtbase.dll
0x00007ffdc0480000 - 0x00007ffdc04ea000 	C:\WINDOWS\System32\bcryptPrimitives.dll
0x00007ffdc1370000 - 0x00007ffdc139e000 	C:\WINDOWS\System32\IMM32.DLL
0x000000006cf20000 - 0x000000006cff2000 	C:\Program Files\Java\jdk1.7.0_67\jre\bin\msvcr100.dll
0x000000006c510000 - 0x000000006cce2000 	C:\Program Files\Java\jdk1.7.0_67\jre\bin\server\jvm.dll
0x00007ffdc3380000 - 0x00007ffdc3388000 	C:\WINDOWS\System32\PSAPI.DLL
0x00007ffdbe740000 - 0x00007ffdbe763000 	C:\WINDOWS\SYSTEM32\WINMM.dll
0x00007ffda2090000 - 0x00007ffda2099000 	C:\WINDOWS\SYSTEM32\WSOCK32.dll
0x00007ffdc3d70000 - 0x00007ffdc3dda000 	C:\WINDOWS\System32\WS2_32.dll
0x0000000001460000 - 0x000000000148b000 	C:\WINDOWS\SYSTEM32\WINMMBASE.dll
0x00007ffdc10b0000 - 0x00007ffdc10f2000 	C:\WINDOWS\System32\cfgmgr32.dll
0x000000006d4b0000 - 0x000000006d4bf000 	C:\Program Files\Java\jdk1.7.0_67\jre\bin\verify.dll
0x000000006d480000 - 0x000000006d4a8000 	C:\Program Files\Java\jdk1.7.0_67\jre\bin\java.dll
0x000000006d460000 - 0x000000006d475000 	C:\Program Files\Java\jdk1.7.0_67\jre\bin\zip.dll
0x000000006d330000 - 0x000000006d349000 	C:\Program Files\Java\jdk1.7.0_67\jre\bin\net.dll
0x00007ffdbfb70000 - 0x00007ffdbfbcc000 	C:\WINDOWS\system32\mswsock.dll
0x000000006d310000 - 0x000000006d321000 	C:\Program Files\Java\jdk1.7.0_67\jre\bin\nio.dll

VM Arguments:
jvm_args: -Xmx1024M -Dfile.encoding=windows-1252 -Duser.country=US -Duser.language=en -Duser.variant 
java_command: com.android.dx.command.Main --dex --num-threads=4 --multi-dex --main-dex-list E:\kuliah\Semester 6\mobile\Final\ApplicationBeratBadan\app\build\intermediates\multi-dex\debug\maindexlist.txt --output E:\kuliah\Semester 6\mobile\Final\ApplicationBeratBadan\app\build\intermediates\dex\debug E:\kuliah\Semester 6\mobile\Final\ApplicationBeratBadan\app\build\intermediates\multi-dex\debug\allclasses.jar
Launcher Type: SUN_STANDARD

Environment Variables:
PATH=E:\app\ikhwan\product\12.1.0\dbhome_1\bin;C:\ProgramData\Oracle\Java\javapath;C:\WINDOWS\system32;C:\WINDOWS;C:\WINDOWS\System32\Wbem;C:\WINDOWS\System32\WindowsPowerShell\v1.0\;C:\Program Files\Microsoft SQL Server\Client SDK\ODBC\110\Tools\Binn\;C:\Program Files (x86)\Microsoft SQL Server\120\Tools\Binn\;C:\Program Files\Microsoft SQL Server\120\Tools\Binn\;C:\Program Files\Microsoft SQL Server\120\DTS\Binn\;C:\Program Files (x86)\Microsoft SQL Server\120\Tools\Binn\ManagementStudio\;C:\Program Files (x86)\Microsoft SQL Server\120\DTS\Binn\;C:\WINDOWS\system32\config\systemprofile\.dnx\bin;C:\Program Files\Microsoft DNX\Dnvm\;C:\Users\ikhwan\AppData\Local\Microsoft\WindowsApps;
USERNAME=ikhwan
OS=Windows_NT
PROCESSOR_IDENTIFIER=Intel64 Family 6 Model 37 Stepping 5, GenuineIntel



---------------  S Y S T E M  ---------------

OS: Windows 8.1 , 64 bit Build 9600 

CPU:total 4 (2 cores per cpu, 2 threads per core) family 6 model 37 stepping 5, cmov, cx8, fxsr, mmx, sse, sse2, sse3, ssse3, sse4.1, sse4.2, popcnt, ht, tsc, tscinvbit

Memory: 4k page, physical 3987308k(203992k free), swap 5402476k(6832k free)

vm_info: Java HotSpot(TM) 64-Bit Server VM (24.65-b04) for windows-amd64 JRE (1.7.0_67-b01), built on Jul 25 2014 08:55:00 by "java_re" with unknown MS VC++:1600

time: Wed May 31 02:42:07 2017
elapsed time: 26 seconds

