#
# There is insufficient memory for the Java Runtime Environment to continue.
# Native memory allocation (malloc) failed to allocate 1774736 bytes for Chunk::new
# Possible reasons:
#   The system is out of physical RAM or swap space
#   In 32 bit mode, the process size limit was hit
# Possible solutions:
#   Reduce memory load on the system
#   Increase physical memory or swap space
#   Check if swap backing store is full
#   Use 64 bit Java on a 64 bit OS
#   Decrease Java heap size (-Xmx/-Xms)
#   Decrease number of Java threads
#   Decrease Java thread stack sizes (-Xss)
#   Set larger code cache with -XX:ReservedCodeCacheSize=
# This output file may be truncated or incomplete.
#
#  Out of Memory Error (allocation.cpp:323), pid=9100, tid=3644
#
# JRE version: Java(TM) SE Runtime Environment (7.0_67-b01) (build 1.7.0_67-b01)
# Java VM: Java HotSpot(TM) 64-Bit Server VM (24.65-b04 mixed mode windows-amd64 compressed oops)
# Failed to write core dump. Minidumps are not enabled by default on client versions of Windows
#

---------------  T H R E A D  ---------------

Current thread (0x0000000008a93000):  JavaThread "C2 CompilerThread0" daemon [_thread_in_native, id=3644, stack(0x000000000a020000,0x000000000a120000)]

Stack: [0x000000000a020000,0x000000000a120000]

Current CompileTask:
C2:  31511  823   !         com.android.dx.dex.cf.CfTranslator::processMethods (583 bytes)


---------------  P R O C E S S  ---------------

Java Threads: ( => current thread )
  0x000000000a620000 JavaThread "pool-2-thread-4" [_thread_in_Java, id=7788, stack(0x000000000ac20000,0x000000000ad20000)]
  0x000000000a5f0000 JavaThread "pool-2-thread-3" [_thread_in_Java, id=2256, stack(0x000000000ab20000,0x000000000ac20000)]
  0x000000000a61d000 JavaThread "pool-2-thread-2" [_thread_in_Java, id=7048, stack(0x000000000aa20000,0x000000000ab20000)]
  0x0000000008b0c800 JavaThread "pool-3-thread-1" [_thread_blocked, id=6284, stack(0x000000000a920000,0x000000000aa20000)]
  0x000000000a5af800 JavaThread "pool-2-thread-1" [_thread_blocked, id=1588, stack(0x000000000a820000,0x000000000a920000)]
  0x0000000008a9f800 JavaThread "Service Thread" daemon [_thread_blocked, id=7800, stack(0x000000000a220000,0x000000000a320000)]
  0x0000000008a95800 JavaThread "C2 CompilerThread1" daemon [_thread_in_native, id=4636, stack(0x000000000a120000,0x000000000a220000)]
=>0x0000000008a93000 JavaThread "C2 CompilerThread0" daemon [_thread_in_native, id=3644, stack(0x000000000a020000,0x000000000a120000)]
  0x0000000008a91800 JavaThread "Attach Listener" daemon [_thread_blocked, id=3656, stack(0x0000000009f20000,0x000000000a020000)]
  0x0000000008a8e800 JavaThread "Signal Dispatcher" daemon [_thread_blocked, id=5056, stack(0x0000000009e20000,0x0000000009f20000)]
  0x0000000008a5f800 JavaThread "Finalizer" daemon [_thread_blocked, id=1532, stack(0x0000000009d20000,0x0000000009e20000)]
  0x0000000008a55800 JavaThread "Reference Handler" daemon [_thread_blocked, id=5248, stack(0x0000000009c20000,0x0000000009d20000)]
  0x0000000002ab0800 JavaThread "main" [_thread_in_vm, id=9132, stack(0x00000000029b0000,0x0000000002ab0000)]

Other Threads:
  0x0000000008a50800 VMThread [stack: 0x0000000009b20000,0x0000000009c20000] [id=5348]
  0x0000000008abd000 WatcherThread [stack: 0x000000000a320000,0x000000000a420000] [id=6568]

VM state:not at safepoint (normal execution)

VM Mutex/Monitor currently owned by a thread: None

Heap
 PSYoungGen      total 140288K, used 113877K [0x00000000eaa80000, 0x00000000fd080000, 0x0000000100000000)
  eden space 124416K, 91% used [0x00000000eaa80000,0x00000000f19b5790,0x00000000f2400000)
  from space 15872K, 0% used [0x00000000f2400000,0x00000000f2400000,0x00000000f3380000)
  to   space 26112K, 0% used [0x00000000fb700000,0x00000000fb700000,0x00000000fd080000)
 ParOldGen       total 41984K, used 41646K [0x00000000c0000000, 0x00000000c2900000, 0x00000000eaa80000)
  object space 41984K, 99% used [0x00000000c0000000,0x00000000c28ab980,0x00000000c2900000)
 PSPermGen       total 21504K, used 6007K [0x00000000bae00000, 0x00000000bc300000, 0x00000000c0000000)
  object space 21504K, 27% used [0x00000000bae00000,0x00000000bb3ddc30,0x00000000bc300000)

Card table byte_map: [0x0000000005c70000,0x0000000005ea0000] byte_map_base: 0x0000000005699000

Polling page: 0x0000000001230000

Code Cache  [0x0000000002bb0000, 0x0000000002eb0000, 0x0000000005bb0000)
 total_blobs=1047 nmethods=811 adapters=189 free_code_cache=46189Kb largest_free_block=47185984

Compilation events (10 events):
Event: 29.250 Thread 0x0000000008a95800 nmethod 828 0x0000000002e9af10 code [0x0000000002e9b060, 0x0000000002e9b178]
Event: 29.290 Thread 0x0000000008a95800  829             com.android.dx.cf.direct.DirectClassFile::parseToEndIfNecessary (12 bytes)
Event: 29.292 Thread 0x0000000008a95800 nmethod 829 0x0000000002e9acd0 code [0x0000000002e9ae00, 0x0000000002e9ae78]
Event: 29.326 Thread 0x0000000008a95800  830             com.android.dx.rop.code.AccessFlags::isNative (14 bytes)
Event: 29.327 Thread 0x0000000008a95800 nmethod 830 0x0000000002e9aad0 code [0x0000000002e9ac00, 0x0000000002e9ac58]
Event: 29.327 Thread 0x0000000008a95800  831             com.android.dx.rop.code.AccessFlags::isAbstract (14 bytes)
Event: 29.327 Thread 0x0000000008a95800 nmethod 831 0x0000000002e9a8d0 code [0x0000000002e9aa00, 0x0000000002e9aa58]
Event: 29.357 Thread 0x0000000008a95800  832             com.android.dx.rop.code.AccessFlags::isSynchronized (13 bytes)
Event: 29.357 Thread 0x0000000008a95800 nmethod 832 0x0000000002e9a6d0 code [0x0000000002e9a800, 0x0000000002e9a858]
Event: 29.363 Thread 0x0000000008a95800  833   !         com.android.dx.cf.code.BytecodeArray::parseInstruction (2764 bytes)

GC Heap History (10 events):
Event: 20.154 GC heap before
{Heap before GC invocations=9 (full 2):
 PSYoungGen      total 140288K, used 134617K [0x00000000eaa80000, 0x00000000fd080000, 0x0000000100000000)
  eden space 124416K, 100% used [0x00000000eaa80000,0x00000000f2400000,0x00000000f2400000)
  from space 15872K, 64% used [0x00000000f2400000,0x00000000f2df6768,0x00000000f3380000)
  to   space 26112K, 0% used [0x00000000fb700000,0x00000000fb700000,0x00000000fd080000)
 ParOldGen       total 41984K, used 41494K [0x00000000c0000000, 0x00000000c2900000, 0x00000000eaa80000)
  object space 41984K, 98% used [0x00000000c0000000,0x00000000c2885be8,0x00000000c2900000)
 PSPermGen       total 21504K, used 5964K [0x00000000bae00000, 0x00000000bc300000, 0x00000000c0000000)
  object space 21504K, 27% used [0x00000000bae00000,0x00000000bb3d3050,0x00000000bc300000)
Event: 21.573 GC heap after
Heap after GC invocations=9 (full 2):
 PSYoungGen      total 140288K, used 26943K [0x00000000eaa80000, 0x00000000fd080000, 0x0000000100000000)
  eden space 124416K, 21% used [0x00000000eaa80000,0x00000000ec4cfd50,0x00000000f2400000)
  from space 15872K, 0% used [0x00000000f2400000,0x00000000f2400000,0x00000000f3380000)
  to   space 26112K, 0% used [0x00000000fb700000,0x00000000fb700000,0x00000000fd080000)
 ParOldGen       total 41984K, used 41976K [0x00000000c0000000, 0x00000000c2900000, 0x00000000eaa80000)
  object space 41984K, 99% used [0x00000000c0000000,0x00000000c28fe3f8,0x00000000c2900000)
 PSPermGen       total 21504K, used 5963K [0x00000000bae00000, 0x00000000bc300000, 0x00000000c0000000)
  object space 21504K, 27% used [0x00000000bae00000,0x00000000bb3d2f50,0x00000000bc300000)
}
Event: 22.314 GC heap before
{Heap before GC invocations=10 (full 3):
 PSYoungGen      total 140288K, used 124416K [0x00000000eaa80000, 0x00000000fd080000, 0x0000000100000000)
  eden space 124416K, 100% used [0x00000000eaa80000,0x00000000f2400000,0x00000000f2400000)
  from space 15872K, 0% used [0x00000000f2400000,0x00000000f2400000,0x00000000f3380000)
  to   space 26112K, 0% used [0x00000000fb700000,0x00000000fb700000,0x00000000fd080000)
 ParOldGen       total 41984K, used 41976K [0x00000000c0000000, 0x00000000c2900000, 0x00000000eaa80000)
  object space 41984K, 99% used [0x00000000c0000000,0x00000000c28fe3f8,0x00000000c2900000)
 PSPermGen       total 21504K, used 5981K [0x00000000bae00000, 0x00000000bc300000, 0x00000000c0000000)
  object space 21504K, 27% used [0x00000000bae00000,0x00000000bb3d75e0,0x00000000bc300000)
Event: 23.748 GC heap after
Heap after GC invocations=10 (full 3):
 PSYoungGen      total 140288K, used 40977K [0x00000000eaa80000, 0x00000000fd080000, 0x0000000100000000)
  eden space 124416K, 32% used [0x00000000eaa80000,0x00000000ed284578,0x00000000f2400000)
  from space 15872K, 0% used [0x00000000f2400000,0x00000000f2400000,0x00000000f3380000)
  to   space 26112K, 0% used [0x00000000fb700000,0x00000000fb700000,0x00000000fd080000)
 ParOldGen       total 41984K, used 41646K [0x00000000c0000000, 0x00000000c2900000, 0x00000000eaa80000)
  object space 41984K, 99% used [0x00000000c0000000,0x00000000c28abbf8,0x00000000c2900000)
 PSPermGen       total 21504K, used 5981K [0x00000000bae00000, 0x00000000bc300000, 0x00000000c0000000)
  object space 21504K, 27% used [0x00000000bae00000,0x00000000bb3d7540,0x00000000bc300000)
}
Event: 24.501 GC heap before
{Heap before GC invocations=11 (full 4):
 PSYoungGen      total 140288K, used 124416K [0x00000000eaa80000, 0x00000000fd080000, 0x0000000100000000)
  eden space 124416K, 100% used [0x00000000eaa80000,0x00000000f2400000,0x00000000f2400000)
  from space 15872K, 0% used [0x00000000f2400000,0x00000000f2400000,0x00000000f3380000)
  to   space 26112K, 0% used [0x00000000fb700000,0x00000000fb700000,0x00000000fd080000)
 ParOldGen       total 41984K, used 41646K [0x00000000c0000000, 0x00000000c2900000, 0x00000000eaa80000)
  object space 41984K, 99% used [0x00000000c0000000,0x00000000c28abbf8,0x00000000c2900000)
 PSPermGen       total 21504K, used 5990K [0x00000000bae00000, 0x00000000bc300000, 0x00000000c0000000)
  object space 21504K, 27% used [0x00000000bae00000,0x00000000bb3d9ab0,0x00000000bc300000)
Event: 26.886 GC heap after
Heap after GC invocations=11 (full 4):
 PSYoungGen      total 140288K, used 54567K [0x00000000eaa80000, 0x00000000fd080000, 0x0000000100000000)
  eden space 124416K, 43% used [0x00000000eaa80000,0x00000000edfc9d28,0x00000000f2400000)
  from space 15872K, 0% used [0x00000000f2400000,0x00000000f2400000,0x00000000f3380000)
  to   space 26112K, 0% used [0x00000000fb700000,0x00000000fb700000,0x00000000fd080000)
 ParOldGen       total 41984K, used 41646K [0x00000000c0000000, 0x00000000c2900000, 0x00000000eaa80000)
  object space 41984K, 99% used [0x00000000c0000000,0x00000000c28ab980,0x00000000c2900000)
 PSPermGen       total 21504K, used 5990K [0x00000000bae00000, 0x00000000bc300000, 0x00000000c0000000)
  object space 21504K, 27% used [0x00000000bae00000,0x00000000bb3d9a90,0x00000000bc300000)
}
Event: 27.608 GC heap before
{Heap before GC invocations=12 (full 5):
 PSYoungGen      total 140288K, used 124416K [0x00000000eaa80000, 0x00000000fd080000, 0x0000000100000000)
  eden space 124416K, 100% used [0x00000000eaa80000,0x00000000f2400000,0x00000000f2400000)
  from space 15872K, 0% used [0x00000000f2400000,0x00000000f2400000,0x00000000f3380000)
  to   space 26112K, 0% used [0x00000000fb700000,0x00000000fb700000,0x00000000fd080000)
 ParOldGen       total 41984K, used 41646K [0x00000000c0000000, 0x00000000c2900000, 0x00000000eaa80000)
  object space 41984K, 99% used [0x00000000c0000000,0x00000000c28ab980,0x00000000c2900000)
 PSPermGen       total 21504K, used 6000K [0x00000000bae00000, 0x00000000bc300000, 0x00000000c0000000)
  object space 21504K, 27% used [0x00000000bae00000,0x00000000bb3dc388,0x00000000bc300000)
Event: 28.969 GC heap after
Heap after GC invocations=12 (full 5):
 PSYoungGen      total 140288K, used 64867K [0x00000000eaa80000, 0x00000000fd080000, 0x0000000100000000)
  eden space 124416K, 52% used [0x00000000eaa80000,0x00000000ee9d8dd8,0x00000000f2400000)
  from space 15872K, 0% used [0x00000000f2400000,0x00000000f2400000,0x00000000f3380000)
  to   space 26112K, 0% used [0x00000000fb700000,0x00000000fb700000,0x00000000fd080000)
 ParOldGen       total 41984K, used 41646K [0x00000000c0000000, 0x00000000c2900000, 0x00000000eaa80000)
  object space 41984K, 99% used [0x00000000c0000000,0x00000000c28ab980,0x00000000c2900000)
 PSPermGen       total 21504K, used 6000K [0x00000000bae00000, 0x00000000bc300000, 0x00000000c0000000)
  object space 21504K, 27% used [0x00000000bae00000,0x00000000bb3dc308,0x00000000bc300000)
}
Event: 29.406 GC heap before
{Heap before GC invocations=13 (full 6):
 PSYoungGen      total 140288K, used 124416K [0x00000000eaa80000, 0x00000000fd080000, 0x0000000100000000)
  eden space 124416K, 100% used [0x00000000eaa80000,0x00000000f2400000,0x00000000f2400000)
  from space 15872K, 0% used [0x00000000f2400000,0x00000000f2400000,0x00000000f3380000)
  to   space 26112K, 0% used [0x00000000fb700000,0x00000000fb700000,0x00000000fd080000)
 ParOldGen       total 41984K, used 41646K [0x00000000c0000000, 0x00000000c2900000, 0x00000000eaa80000)
  object space 41984K, 99% used [0x00000000c0000000,0x00000000c28ab980,0x00000000c2900000)
 PSPermGen       total 21504K, used 6004K [0x00000000bae00000, 0x00000000bc300000, 0x00000000c0000000)
  object space 21504K, 27% used [0x00000000bae00000,0x00000000bb3dd2f0,0x00000000bc300000)
Event: 30.908 GC heap after
Heap after GC invocations=13 (full 6):
 PSYoungGen      total 140288K, used 74009K [0x00000000eaa80000, 0x00000000fd080000, 0x0000000100000000)
  eden space 124416K, 59% used [0x00000000eaa80000,0x00000000ef2c66b8,0x00000000f2400000)
  from space 15872K, 0% used [0x00000000f2400000,0x00000000f2400000,0x00000000f3380000)
  to   space 26112K, 0% used [0x00000000fb700000,0x00000000fb700000,0x00000000fd080000)
 ParOldGen       total 41984K, used 41646K [0x00000000c0000000, 0x00000000c2900000, 0x00000000eaa80000)
  object space 41984K, 99% used [0x00000000c0000000,0x00000000c28ab980,0x00000000c2900000)
 PSPermGen       total 21504K, used 6004K [0x00000000bae00000, 0x00000000bc300000, 0x00000000c0000000)
  object space 21504K, 27% used [0x00000000bae00000,0x00000000bb3dd250,0x00000000bc300000)
}

Deoptimization events (10 events):
Event: 22.114 Thread 0x000000000a61d000 Uncommon trap: reason=bimorphic action=maybe_recompile pc=0x0000000002cfc030 method=com.android.dx.ssa.LiteralOpUpgrader.tryReplacingWithConstant(Lcom/android/dx/ssa/NormalSsaInsn;)Z @ 62
Event: 22.123 Thread 0x000000000a61d000 Uncommon trap: reason=bimorphic action=maybe_recompile pc=0x0000000002cfc030 method=com.android.dx.ssa.LiteralOpUpgrader.tryReplacingWithConstant(Lcom/android/dx/ssa/NormalSsaInsn;)Z @ 62
Event: 24.274 Thread 0x0000000002ab0800 Uncommon trap: reason=class_check action=maybe_recompile pc=0x0000000002ce500c method=com.android.dx.cf.code.OneLocalsArray.set(ILcom/android/dx/rop/type/TypeBearer;)V @ 85
Event: 24.274 Thread 0x000000000a61d000 Uncommon trap: reason=class_check action=maybe_recompile pc=0x0000000002ce500c method=com.android.dx.cf.code.OneLocalsArray.set(ILcom/android/dx/rop/type/TypeBearer;)V @ 85
Event: 26.903 Thread 0x000000000a61d000 Uncommon trap: reason=class_check action=maybe_recompile pc=0x0000000002d85510 method=com.android.dx.cf.code.RopperMachine.run(Lcom/android/dx/cf/code/Frame;II)V @ 1024
Event: 26.904 Thread 0x000000000a61d000 Uncommon trap: reason=class_check action=maybe_recompile pc=0x0000000002d85510 method=com.android.dx.cf.code.RopperMachine.run(Lcom/android/dx/cf/code/Frame;II)V @ 1024
Event: 26.919 Thread 0x000000000a61d000 Uncommon trap: reason=bimorphic action=maybe_recompile pc=0x0000000002cc8f54 method=com.android.dx.ssa.SCCP.setLatticeValueTo(IILcom/android/dx/rop/cst/Constant;)Z @ 43
Event: 26.922 Thread 0x000000000a61d000 Uncommon trap: reason=bimorphic action=maybe_recompile pc=0x0000000002cc8f54 method=com.android.dx.ssa.SCCP.setLatticeValueTo(IILcom/android/dx/rop/cst/Constant;)Z @ 43
Event: 29.270 Thread 0x000000000a5af800 Uncommon trap: reason=bimorphic action=maybe_recompile pc=0x0000000002e25ff0 method=com.android.dx.cf.code.BytecodeArray.parseInstruction(ILcom/android/dx/cf/code/BytecodeArray$Visitor;)I @ 1549
Event: 29.271 Thread 0x000000000a5af800 Uncommon trap: reason=bimorphic action=maybe_recompile pc=0x0000000002e25ff0 method=com.android.dx.cf.code.BytecodeArray.parseInstruction(ILcom/android/dx/cf/code/BytecodeArray$Visitor;)I @ 1549

Internal exceptions (10 events):
Event: 4.840 Thread 0x000000000a5af800 Threw 0x00000000ec11d208 at C:\re\jdk7u67\1368\hotspot\src\share\vm\prims\jvm.cpp:1244
Event: 7.280 Thread 0x000000000a620000 Threw 0x00000000ec33db60 at C:\re\jdk7u67\1368\hotspot\src\share\vm\prims\jvm.cpp:1244
Event: 11.991 Thread 0x0000000002ab0800 Threw 0x00000000ec18db38 at C:\re\jdk7u67\1368\hotspot\src\share\vm\prims\jvm.cpp:1244
Event: 14.998 Thread 0x000000000a5af800 Implicit null exception at 0x0000000002d9f92f to 0x0000000002da0855
Event: 15.000 Thread 0x000000000a5af800 Implicit null exception at 0x0000000002d08b4b to 0x0000000002d0961d
Event: 15.000 Thread 0x000000000a5af800 Implicit null exception at 0x0000000002dc8a17 to 0x0000000002dc8b99
Event: 15.000 Thread 0x000000000a5af800 Implicit null exception at 0x0000000002d7e93f to 0x0000000002d7ea99
Event: 15.001 Thread 0x000000000a5af800 Implicit null exception at 0x0000000002d66ec6 to 0x0000000002d68009
Event: 21.614 Thread 0x0000000002ab0800 Threw 0x00000000ecc7e568 at C:\re\jdk7u67\1368\hotspot\src\share\vm\prims\jvm.cpp:1244
Event: 21.999 Thread 0x0000000002ab0800 Implicit null exception at 0x0000000002e21cb0 to 0x0000000002e22355

Events (10 events):
Event: 27.608 Executing VM operation: ParallelGCFailedAllocation
Event: 28.970 Executing VM operation: ParallelGCFailedAllocation done
Event: 29.270 Thread 0x000000000a5af800 Uncommon trap: trap_request=0xffffffc6 fr.pc=0x0000000002e25ff0
Event: 29.270 Thread 0x000000000a5af800 DEOPT PACKING pc=0x0000000002e25ff0 sp=0x000000000a91ea10
Event: 29.270 Thread 0x000000000a5af800 DEOPT UNPACKING pc=0x0000000002be9064 sp=0x000000000a91e9a0 mode 2
Event: 29.271 Thread 0x000000000a5af800 Uncommon trap: trap_request=0xffffffc6 fr.pc=0x0000000002e25ff0
Event: 29.271 Thread 0x000000000a5af800 DEOPT PACKING pc=0x0000000002e25ff0 sp=0x000000000a91ea40
Event: 29.271 Thread 0x000000000a5af800 DEOPT UNPACKING pc=0x0000000002be9064 sp=0x000000000a91e9d0 mode 2
Event: 29.405 Executing VM operation: ParallelGCFailedAllocation
Event: 30.909 Executing VM operation: ParallelGCFailedAllocation done


Dynamic libraries:
0x00007ff69ae10000 - 0x00007ff69ae43000 	C:\Program Files\Java\jdk1.7.0_67\bin\java.exe
0x00007ffdc3de0000 - 0x00007ffdc3fb1000 	C:\WINDOWS\SYSTEM32\ntdll.dll
0x00007ffdc3230000 - 0x00007ffdc32dc000 	C:\WINDOWS\System32\KERNEL32.DLL
0x00007ffdc05a0000 - 0x00007ffdc07bd000 	C:\WINDOWS\System32\KERNELBASE.dll
0x00007ffdc38c0000 - 0x00007ffdc3962000 	C:\WINDOWS\System32\ADVAPI32.dll
0x00007ffdc32e0000 - 0x00007ffdc337e000 	C:\WINDOWS\System32\msvcrt.dll
0x00007ffdc3d10000 - 0x00007ffdc3d69000 	C:\WINDOWS\System32\sechost.dll
0x00007ffdc13a0000 - 0x00007ffdc14c1000 	C:\WINDOWS\System32\RPCRT4.dll
0x00007ffdc14d0000 - 0x00007ffdc1635000 	C:\WINDOWS\System32\USER32.dll
0x00007ffdc1090000 - 0x00007ffdc10ae000 	C:\WINDOWS\System32\win32u.dll
0x00007ffdc1640000 - 0x00007ffdc1674000 	C:\WINDOWS\System32\GDI32.dll
0x00007ffdc0ea0000 - 0x00007ffdc1022000 	C:\WINDOWS\System32\gdi32full.dll
0x00007ffdb5b80000 - 0x00007ffdb5dfa000 	C:\WINDOWS\WinSxS\amd64_microsoft.windows.common-controls_6595b64144ccf1df_6.0.14393.953_none_42151e83c686086b\COMCTL32.dll
0x00007ffdc33f0000 - 0x00007ffdc36b8000 	C:\WINDOWS\System32\combase.dll
0x00007ffdc02d0000 - 0x00007ffdc03c5000 	C:\WINDOWS\System32\ucrtbase.dll
0x00007ffdc0480000 - 0x00007ffdc04ea000 	C:\WINDOWS\System32\bcryptPrimitives.dll
0x00007ffdc1370000 - 0x00007ffdc139e000 	C:\WINDOWS\System32\IMM32.DLL
0x000000006cf20000 - 0x000000006cff2000 	C:\Program Files\Java\jdk1.7.0_67\jre\bin\msvcr100.dll
0x000000006c510000 - 0x000000006cce2000 	C:\Program Files\Java\jdk1.7.0_67\jre\bin\server\jvm.dll
0x00007ffdc3380000 - 0x00007ffdc3388000 	C:\WINDOWS\System32\PSAPI.DLL
0x00007ffdbe740000 - 0x00007ffdbe763000 	C:\WINDOWS\SYSTEM32\WINMM.dll
0x00007ffda2090000 - 0x00007ffda2099000 	C:\WINDOWS\SYSTEM32\WSOCK32.dll
0x00007ffdc3d70000 - 0x00007ffdc3dda000 	C:\WINDOWS\System32\WS2_32.dll
0x00007ffdbe710000 - 0x00007ffdbe73b000 	C:\WINDOWS\SYSTEM32\WINMMBASE.dll
0x00007ffdc10b0000 - 0x00007ffdc10f2000 	C:\WINDOWS\System32\cfgmgr32.dll
0x000000006d4b0000 - 0x000000006d4bf000 	C:\Program Files\Java\jdk1.7.0_67\jre\bin\verify.dll
0x000000006d480000 - 0x000000006d4a8000 	C:\Program Files\Java\jdk1.7.0_67\jre\bin\java.dll
0x000000006d460000 - 0x000000006d475000 	C:\Program Files\Java\jdk1.7.0_67\jre\bin\zip.dll
0x000000006d330000 - 0x000000006d349000 	C:\Program Files\Java\jdk1.7.0_67\jre\bin\net.dll
0x00007ffdbfb70000 - 0x00007ffdbfbcc000 	C:\WINDOWS\system32\mswsock.dll
0x000000006d310000 - 0x000000006d321000 	C:\Program Files\Java\jdk1.7.0_67\jre\bin\nio.dll

VM Arguments:
jvm_args: -Xmx1024M -Dfile.encoding=windows-1252 -Duser.country=US -Duser.language=en -Duser.variant 
java_command: com.android.dx.command.Main --dex --num-threads=4 --multi-dex --main-dex-list E:\kuliah\Semester 6\mobile\Final\ApplicationBeratBadan\app\build\intermediates\multi-dex\debug\maindexlist.txt --output E:\kuliah\Semester 6\mobile\Final\ApplicationBeratBadan\app\build\intermediates\dex\debug E:\kuliah\Semester 6\mobile\Final\ApplicationBeratBadan\app\build\intermediates\multi-dex\debug\allclasses.jar
Launcher Type: SUN_STANDARD

Environment Variables:
PATH=E:\app\ikhwan\product\12.1.0\dbhome_1\bin;C:\ProgramData\Oracle\Java\javapath;C:\WINDOWS\system32;C:\WINDOWS;C:\WINDOWS\System32\Wbem;C:\WINDOWS\System32\WindowsPowerShell\v1.0\;C:\Program Files\Microsoft SQL Server\Client SDK\ODBC\110\Tools\Binn\;C:\Program Files (x86)\Microsoft SQL Server\120\Tools\Binn\;C:\Program Files\Microsoft SQL Server\120\Tools\Binn\;C:\Program Files\Microsoft SQL Server\120\DTS\Binn\;C:\Program Files (x86)\Microsoft SQL Server\120\Tools\Binn\ManagementStudio\;C:\Program Files (x86)\Microsoft SQL Server\120\DTS\Binn\;C:\WINDOWS\system32\config\systemprofile\.dnx\bin;C:\Program Files\Microsoft DNX\Dnvm\;C:\Users\ikhwan\AppData\Local\Microsoft\WindowsApps;
USERNAME=ikhwan
OS=Windows_NT
PROCESSOR_IDENTIFIER=Intel64 Family 6 Model 37 Stepping 5, GenuineIntel



---------------  S Y S T E M  ---------------

OS: Windows 8.1 , 64 bit Build 9600 

CPU:total 4 (2 cores per cpu, 2 threads per core) family 6 model 37 stepping 5, cmov, cx8, fxsr, mmx, sse, sse2, sse3, ssse3, sse4.1, sse4.2, popcnt, ht, tsc, tscinvbit

Memory: 4k page, physical 3987308k(367796k free), swap 5402476k(5720k free)

vm_info: Java HotSpot(TM) 64-Bit Server VM (24.65-b04) for windows-amd64 JRE (1.7.0_67-b01), built on Jul 25 2014 08:55:00 by "java_re" with unknown MS VC++:1600

time: Wed May 31 02:24:41 2017
elapsed time: 31 seconds

